#
# There is insufficient memory for the Java Runtime Environment to continue.
# Native memory allocation (mmap) failed to map 125829120 bytes for committing reserved memory.
# Possible reasons:
#   The system is out of physical RAM or swap space
#   The process is running with CompressedOops enabled, and the Java Heap may be blocking the growth of the native heap
# Possible solutions:
#   Reduce memory load on the system
#   Increase physical memory or swap space
#   Check if swap backing store is full
#   Decrease Java heap size (-Xmx/-Xms)
#   Decrease number of Java threads
#   Decrease Java thread stack sizes (-Xss)
#   Set larger code cache with -XX:ReservedCodeCacheSize=
#   JVM is running with Unscaled Compressed Oops mode in which the Java heap is
#     placed in the first 4GB address space. The Java Heap base address is the
#     maximum limit for the native heap growth. Please use -XX:HeapBaseMinAddress
#     to set the Java Heap base and to place the Java Heap above 4GB virtual address.
# This output file may be truncated or incomplete.
#
#  Out of Memory Error (os_linux.cpp:2753), pid=30990, tid=0x00007f36bc589700
#
# JRE version: OpenJDK Runtime Environment (8.0_202) (build 1.8.0_202-release-1483-b49-5587405)
# Java VM: OpenJDK 64-Bit Server VM (25.202-b49-5587405 mixed mode linux-amd64 compressed oops)
# Failed to write core dump. Core dumps have been disabled. To enable core dumping, try "ulimit -c unlimited" before starting Java again
#

---------------  T H R E A D  ---------------

Current thread (0x00007f36b8079800):  VMThread [stack: 0x00007f36bc48a000,0x00007f36bc58a000] [id=31004]

Stack: [0x00007f36bc48a000,0x00007f36bc58a000],  sp=0x00007f36bc588510,  free space=1017k
Native frames: (J=compiled Java code, j=interpreted, Vv=VM code, C=native code)
V  [libjvm.so+0xa08b78]  VMError::report_and_die()+0x148
V  [libjvm.so+0x4d412a]  report_vm_out_of_memory(char const*, int, unsigned long, VMErrorType, char const*)+0x8a
V  [libjvm.so+0x870478]  os::pd_commit_memory(char*, unsigned long, unsigned long, bool)+0xd8
V  [libjvm.so+0x867f9f]  os::commit_memory(char*, unsigned long, unsigned long, bool)+0x1f
V  [libjvm.so+0x8e14eb]  PSVirtualSpace::expand_by(unsigned long)+0x5b
V  [libjvm.so+0x8e2140]  PSYoungGen::resize_generation(unsigned long, unsigned long)+0xb0
V  [libjvm.so+0x8e245b]  PSYoungGen::resize(unsigned long, unsigned long)+0x1b
V  [libjvm.so+0x8deb8e]  PSScavenge::invoke_no_policy()+0xdce
V  [libjvm.so+0x8df348]  PSScavenge::invoke()+0x38
V  [libjvm.so+0x893763]  ParallelScavengeHeap::failed_mem_allocate(unsigned long)+0x63
V  [libjvm.so+0xa0a644]  VM_ParallelGCFailedAllocation::doit()+0x84
V  [libjvm.so+0xa0ea17]  VM_Operation::evaluate()+0x47
V  [libjvm.so+0xa0d498]  VMThread::evaluate_operation(VM_Operation*)+0x218
V  [libjvm.so+0xa0d8d1]  VMThread::loop()+0x1f1
V  [libjvm.so+0xa0dd02]  VMThread::run()+0x72
V  [libjvm.so+0x86d652]  java_start(Thread*)+0xf2

VM_Operation (0x00007f369faf4a10): ParallelGCFailedAllocation, mode: safepoint, requested by thread 0x00007f3660008000


---------------  P R O C E S S  ---------------

Java Threads: ( => current thread )
  0x00007f364ce28000 JavaThread "Cache worker for execution history cache (/home/dell/.gradle/caches/5.4.1/executionHistory)" [_thread_blocked, id=31034, stack(0x00007f369df3c000,0x00007f369e03d000)]
  0x00007f364ce01800 JavaThread "Cache worker for cache directory md-rule (/home/dell/.gradle/caches/5.4.1/md-rule)" [_thread_blocked, id=31033, stack(0x00007f369e03d000,0x00007f369e13e000)]
  0x00007f364cded800 JavaThread "Cache worker for cache directory md-supplier (/home/dell/.gradle/caches/5.4.1/md-supplier)" [_thread_blocked, id=31032, stack(0x00007f369e13e000,0x00007f369e23f000)]
  0x00007f364c91d800 JavaThread "Cache worker for file hash cache (/home/dell/Kiran/WorkSpace/FairFare/.gradle/5.4.1/fileHashes)" [_thread_blocked, id=31029, stack(0x00007f369ec3f000,0x00007f369ed40000)]
  0x00007f364c111800 JavaThread "Cache worker for journal cache (/home/dell/.gradle/caches/journal-1)" [_thread_blocked, id=31028, stack(0x00007f369f1f4000,0x00007f369f2f5000)]
  0x00007f364c10e800 JavaThread "File lock request listener" [_thread_in_native, id=31027, stack(0x00007f369f2f5000,0x00007f369f3f6000)]
  0x00007f364c104800 JavaThread "Cache worker for file hash cache (/home/dell/.gradle/caches/5.4.1/fileHashes)" [_thread_blocked, id=31026, stack(0x00007f369f3f6000,0x00007f369f4f7000)]
  0x00007f364c015800 JavaThread "Thread-9" [_thread_blocked, id=31024, stack(0x00007f369f6f7000,0x00007f369f7f8000)]
  0x00007f364c00e800 JavaThread "Stdin handler" [_thread_blocked, id=31023, stack(0x00007f369f7f8000,0x00007f369f8f9000)]
  0x00007f364c00d000 JavaThread "Asynchronous log dispatcher for DefaultDaemonConnection: socket connection from /127.0.0.1:45615 to /127.0.0.1:49776" [_thread_blocked, id=31022, stack(0x00007f369f8f9000,0x00007f369f9fa000)]
  0x00007f3660008000 JavaThread "Daemon worker" [_thread_blocked, id=31019, stack(0x00007f369f9fa000,0x00007f369fafb000)]
  0x00007f3660006000 JavaThread "Cancel handler" [_thread_blocked, id=31018, stack(0x00007f369fafb000,0x00007f369fbfc000)]
  0x00007f3660004000 JavaThread "Handler for socket connection from /127.0.0.1:45615 to /127.0.0.1:49776" [_thread_in_native, id=31017, stack(0x00007f369fbfc000,0x00007f369fcfd000)]
  0x00007f3668021800 JavaThread "Daemon" [_thread_blocked, id=31016, stack(0x00007f369fcfd000,0x00007f369fdfe000)]
  0x00007f36b824d800 JavaThread "Daemon periodic checks" [_thread_blocked, id=31015, stack(0x00007f369fdfe000,0x00007f369feff000)]
  0x00007f36b83e2000 JavaThread "Incoming local TCP Connector on port 45615" [_thread_in_native, id=31014, stack(0x00007f369feff000,0x00007f36a0000000)]
  0x00007f36b90ba000 JavaThread "Daemon health stats" [_thread_blocked, id=31013, stack(0x00007f36a4269000,0x00007f36a436a000)]
  0x00007f36b80c1800 JavaThread "Service Thread" daemon [_thread_blocked, id=31011, stack(0x00007f36a532e000,0x00007f36a542f000)]
  0x00007f36b80be800 JavaThread "C1 CompilerThread2" daemon [_thread_blocked, id=31010, stack(0x00007f36a5430000,0x00007f36a5530000)]
  0x00007f36b80bd000 JavaThread "C2 CompilerThread1" daemon [_thread_blocked, id=31009, stack(0x00007f36a5531000,0x00007f36a5631000)]
  0x00007f36b80ba000 JavaThread "C2 CompilerThread0" daemon [_thread_blocked, id=31008, stack(0x00007f36bc086000,0x00007f36bc186000)]
  0x00007f36b80b6000 JavaThread "Signal Dispatcher" daemon [_thread_blocked, id=31007, stack(0x00007f36bc186000,0x00007f36bc287000)]
  0x00007f36b8085800 JavaThread "Finalizer" daemon [_thread_blocked, id=31006, stack(0x00007f36bc287000,0x00007f36bc388000)]
  0x00007f36b8083000 JavaThread "Reference Handler" daemon [_thread_blocked, id=31005, stack(0x00007f36bc388000,0x00007f36bc489000)]
  0x00007f36b800b800 JavaThread "main" [_thread_blocked, id=30993, stack(0x00007f36c1401000,0x00007f36c1501000)]

Other Threads:
=>0x00007f36b8079800 VMThread [stack: 0x00007f36bc48a000,0x00007f36bc58a000] [id=31004]
  0x00007f36b80c4000 WatcherThread [stack: 0x00007f36a522e000,0x00007f36a532e000] [id=31012]

VM state:at safepoint (normal execution)

VM Mutex/Monitor currently owned by a thread:  ([mutex/lock_event])
[0x00007f36b80082e0] Threads_lock - owner thread: 0x00007f36b8079800
[0x00007f36b80087e0] Heap_lock - owner thread: 0x00007f3660008000

heap address: 0x00000000a0000000, size: 1536 MB, Compressed Oops mode: 32-bit
Narrow klass base: 0x0000000000000000, Narrow klass shift: 3
Compressed class space size: 1073741824 Address: 0x0000000100000000

Heap:
 PSYoungGen      total 132096K, used 5104K [0x00000000e0000000, 0x00000000e8600000, 0x0000000100000000)
  eden space 126976K, 0% used [0x00000000e0000000,0x00000000e0000000,0x00000000e7c00000)
  from space 5120K, 99% used [0x00000000e7c00000,0x00000000e80fc010,0x00000000e8100000)
  to   space 5120K, 0% used [0x00000000e8100000,0x00000000e8100000,0x00000000e8600000)
 ParOldGen       total 55808K, used 18113K [0x00000000a0000000, 0x00000000a3680000, 0x00000000e0000000)
  object space 55808K, 32% used [0x00000000a0000000,0x00000000a11b0690,0x00000000a3680000)
 Metaspace       used 31162K, capacity 31702K, committed 32128K, reserved 1077248K
  class space    used 4293K, capacity 4466K, committed 4480K, reserved 1048576K

Card table byte_map: [0x00007f36be912000,0x00007f36bec13000] byte_map_base: 0x00007f36be412000

Marking Bits: (ParMarkBitMap*) 0x00007f36c0ac6920
 Begin Bits: [0x00007f36a6000000, 0x00007f36a7800000)
 End Bits:   [0x00007f36a7800000, 0x00007f36a9000000)

Polling page: 0x00007f36c151e000

CodeCache: size=245760Kb used=9267Kb max_used=9267Kb free=236492Kb
 bounds [0x00007f36a9000000, 0x00007f36a9920000, 0x00007f36b8000000]
 total_blobs=2972 nmethods=2305 adapters=581
 compilation: enabled

Compilation events (10 events):
Event: 40.755 Thread 0x00007f36b80be800 2316       3       java.net.URI$Parser::scan (73 bytes)
Event: 40.757 Thread 0x00007f36b80be800 nmethod 2316 0x00007f36a990d3d0 code [0x00007f36a990d5a0, 0x00007f36a990dcc8]
Event: 40.757 Thread 0x00007f36b80be800 2315       3       java.net.URI::match (56 bytes)
Event: 40.758 Thread 0x00007f36b80be800 nmethod 2315 0x00007f36a990ced0 code [0x00007f36a990d040, 0x00007f36a990d350]
Event: 40.758 Thread 0x00007f36b80be800 2314       3       com.google.common.collect.ImmutableCollection::<init> (5 bytes)
Event: 40.758 Thread 0x00007f36b80be800 nmethod 2314 0x00007f36a990ca50 code [0x00007f36a990cbc0, 0x00007f36a990cdd0]
Event: 40.758 Thread 0x00007f36b80be800 2317       1       org.gradle.internal.operations.BuildOperationDescriptor::getDisplayName (5 bytes)
Event: 40.758 Thread 0x00007f36b80be800 nmethod 2317 0x00007f36a98fe5d0 code [0x00007f36a98fe720, 0x00007f36a98fe830]
Event: 40.872 Thread 0x00007f36b80be800 2319       3       java.util.TreeMap::rotateLeft (96 bytes)
Event: 40.873 Thread 0x00007f36b80be800 nmethod 2319 0x00007f36a990c490 code [0x00007f36a990c600, 0x00007f36a990c950]

GC Heap History (10 events):
Event: 2.407 GC heap after
Heap after GC invocations=1 (full 0):
 PSYoungGen      total 36864K, used 4164K [0x00000000e0000000, 0x00000000e4800000, 0x0000000100000000)
  eden space 31744K, 0% used [0x00000000e0000000,0x00000000e0000000,0x00000000e1f00000)
  from space 5120K, 81% used [0x00000000e1f00000,0x00000000e2311398,0x00000000e2400000)
  to   space 5120K, 0% used [0x00000000e4300000,0x00000000e4300000,0x00000000e4800000)
 ParOldGen       total 84992K, used 0K [0x00000000a0000000, 0x00000000a5300000, 0x00000000e0000000)
  object space 84992K, 0% used [0x00000000a0000000,0x00000000a0000000,0x00000000a5300000)
 Metaspace       used 6830K, capacity 7024K, committed 7296K, reserved 1056768K
  class space    used 841K, capacity 876K, committed 896K, reserved 1048576K
}
Event: 3.819 GC heap before
{Heap before GC invocations=2 (full 0):
 PSYoungGen      total 36864K, used 35908K [0x00000000e0000000, 0x00000000e4800000, 0x0000000100000000)
  eden space 31744K, 100% used [0x00000000e0000000,0x00000000e1f00000,0x00000000e1f00000)
  from space 5120K, 81% used [0x00000000e1f00000,0x00000000e2311398,0x00000000e2400000)
  to   space 5120K, 0% used [0x00000000e4300000,0x00000000e4300000,0x00000000e4800000)
 ParOldGen       total 84992K, used 0K [0x00000000a0000000, 0x00000000a5300000, 0x00000000e0000000)
  object space 84992K, 0% used [0x00000000a0000000,0x00000000a0000000,0x00000000a5300000)
 Metaspace       used 9006K, capacity 9310K, committed 9600K, reserved 1056768K
  class space    used 1195K, capacity 1293K, committed 1408K, reserved 1048576K
Event: 3.844 GC heap after
Heap after GC invocations=2 (full 0):
 PSYoungGen      total 68608K, used 4561K [0x00000000e0000000, 0x00000000e4800000, 0x0000000100000000)
  eden space 63488K, 0% used [0x00000000e0000000,0x00000000e0000000,0x00000000e3e00000)
  from space 5120K, 89% used [0x00000000e4300000,0x00000000e47745b0,0x00000000e4800000)
  to   space 5120K, 0% used [0x00000000e3e00000,0x00000000e3e00000,0x00000000e4300000)
 ParOldGen       total 84992K, used 8K [0x00000000a0000000, 0x00000000a5300000, 0x00000000e0000000)
  object space 84992K, 0% used [0x00000000a0000000,0x00000000a0002000,0x00000000a5300000)
 Metaspace       used 9006K, capacity 9310K, committed 9600K, reserved 1056768K
  class space    used 1195K, capacity 1293K, committed 1408K, reserved 1048576K
}
Event: 6.182 GC heap before
{Heap before GC invocations=3 (full 0):
 PSYoungGen      total 68608K, used 68049K [0x00000000e0000000, 0x00000000e4800000, 0x0000000100000000)
  eden space 63488K, 100% used [0x00000000e0000000,0x00000000e3e00000,0x00000000e3e00000)
  from space 5120K, 89% used [0x00000000e4300000,0x00000000e47745b0,0x00000000e4800000)
  to   space 5120K, 0% used [0x00000000e3e00000,0x00000000e3e00000,0x00000000e4300000)
 ParOldGen       total 84992K, used 8K [0x00000000a0000000, 0x00000000a5300000, 0x00000000e0000000)
  object space 84992K, 0% used [0x00000000a0000000,0x00000000a0002000,0x00000000a5300000)
 Metaspace       used 15358K, capacity 15762K, committed 16000K, reserved 1062912K
  class space    used 2202K, capacity 2349K, committed 2432K, reserved 1048576K
Event: 6.235 GC heap after
Heap after GC invocations=3 (full 0):
 PSYoungGen      total 68608K, used 5088K [0x00000000e0000000, 0x00000000e8600000, 0x0000000100000000)
  eden space 63488K, 0% used [0x00000000e0000000,0x00000000e0000000,0x00000000e3e00000)
  from space 5120K, 99% used [0x00000000e3e00000,0x00000000e42f8020,0x00000000e4300000)
  to   space 5120K, 0% used [0x00000000e8100000,0x00000000e8100000,0x00000000e8600000)
 ParOldGen       total 84992K, used 5066K [0x00000000a0000000, 0x00000000a5300000, 0x00000000e0000000)
  object space 84992K, 5% used [0x00000000a0000000,0x00000000a04f2a80,0x00000000a5300000)
 Metaspace       used 15358K, capacity 15762K, committed 16000K, reserved 1062912K
  class space    used 2202K, capacity 2349K, committed 2432K, reserved 1048576K
}
Event: 29.354 GC heap before
{Heap before GC invocations=4 (full 0):
 PSYoungGen      total 68608K, used 52879K [0x00000000e0000000, 0x00000000e8600000, 0x0000000100000000)
  eden space 63488K, 75% used [0x00000000e0000000,0x00000000e2eabdb8,0x00000000e3e00000)
  from space 5120K, 99% used [0x00000000e3e00000,0x00000000e42f8020,0x00000000e4300000)
  to   space 5120K, 0% used [0x00000000e8100000,0x00000000e8100000,0x00000000e8600000)
 ParOldGen       total 84992K, used 5066K [0x00000000a0000000, 0x00000000a5300000, 0x00000000e0000000)
  object space 84992K, 5% used [0x00000000a0000000,0x00000000a04f2a80,0x00000000a5300000)
 Metaspace       used 20687K, capacity 21016K, committed 21248K, reserved 1067008K
  class space    used 2905K, capacity 3028K, committed 3072K, reserved 1048576K
Event: 34.685 GC heap after
Heap after GC invocations=4 (full 0):
 PSYoungGen      total 132096K, used 5108K [0x00000000e0000000, 0x00000000e8600000, 0x0000000100000000)
  eden space 126976K, 0% used [0x00000000e0000000,0x00000000e0000000,0x00000000e7c00000)
  from space 5120K, 99% used [0x00000000e8100000,0x00000000e85fd060,0x00000000e8600000)
  to   space 5120K, 0% used [0x00000000e7c00000,0x00000000e7c00000,0x00000000e8100000)
 ParOldGen       total 84992K, used 10793K [0x00000000a0000000, 0x00000000a5300000, 0x00000000e0000000)
  object space 84992K, 12% used [0x00000000a0000000,0x00000000a0a8a470,0x00000000a5300000)
 Metaspace       used 20687K, capacity 21016K, committed 21248K, reserved 1067008K
  class space    used 2905K, capacity 3028K, committed 3072K, reserved 1048576K
}
Event: 34.689 GC heap before
{Heap before GC invocations=5 (full 1):
 PSYoungGen      total 132096K, used 5108K [0x00000000e0000000, 0x00000000e8600000, 0x0000000100000000)
  eden space 126976K, 0% used [0x00000000e0000000,0x00000000e0000000,0x00000000e7c00000)
  from space 5120K, 99% used [0x00000000e8100000,0x00000000e85fd060,0x00000000e8600000)
  to   space 5120K, 0% used [0x00000000e7c00000,0x00000000e7c00000,0x00000000e8100000)
 ParOldGen       total 84992K, used 10793K [0x00000000a0000000, 0x00000000a5300000, 0x00000000e0000000)
  object space 84992K, 12% used [0x00000000a0000000,0x00000000a0a8a470,0x00000000a5300000)
 Metaspace       used 20687K, capacity 21016K, committed 21248K, reserved 1067008K
  class space    used 2905K, capacity 3028K, committed 3072K, reserved 1048576K
Event: 35.092 GC heap after
Heap after GC invocations=5 (full 1):
 PSYoungGen      total 132096K, used 0K [0x00000000e0000000, 0x00000000e8600000, 0x0000000100000000)
  eden space 126976K, 0% used [0x00000000e0000000,0x00000000e0000000,0x00000000e7c00000)
  from space 5120K, 0% used [0x00000000e8100000,0x00000000e8100000,0x00000000e8600000)
  to   space 5120K, 0% used [0x00000000e7c00000,0x00000000e7c00000,0x00000000e8100000)
 ParOldGen       total 55808K, used 10670K [0x00000000a0000000, 0x00000000a3680000, 0x00000000e0000000)
  object space 55808K, 19% used [0x00000000a0000000,0x00000000a0a6baa8,0x00000000a3680000)
 Metaspace       used 20687K, capacity 21016K, committed 21248K, reserved 1067008K
  class space    used 2905K, capacity 3028K, committed 3072K, reserved 1048576K
}
Event: 40.879 GC heap before
{Heap before GC invocations=6 (full 1):
 PSYoungGen      total 132096K, used 126976K [0x00000000e0000000, 0x00000000e8600000, 0x0000000100000000)
  eden space 126976K, 100% used [0x00000000e0000000,0x00000000e7c00000,0x00000000e7c00000)
  from space 5120K, 0% used [0x00000000e8100000,0x00000000e8100000,0x00000000e8600000)
  to   space 5120K, 0% used [0x00000000e7c00000,0x00000000e7c00000,0x00000000e8100000)
 ParOldGen       total 55808K, used 10670K [0x00000000a0000000, 0x00000000a3680000, 0x00000000e0000000)
  object space 55808K, 19% used [0x00000000a0000000,0x00000000a0a6baa8,0x00000000a3680000)
 Metaspace       used 31162K, capacity 31702K, committed 32128K, reserved 1077248K
  class space    used 4293K, capacity 4466K, committed 4480K, reserved 1048576K

Deoptimization events (10 events):
Event: 36.452 Thread 0x00007f3660008000 Uncommon trap: reason=class_check action=maybe_recompile pc=0x00007f36a9555f00 method=sun.misc.URLClassPath.getLoader(I)Lsun/misc/URLClassPath$Loader; @ 239
Event: 37.678 Thread 0x00007f3660008000 Uncommon trap: reason=unstable_if action=reinterpret pc=0x00007f36a93e954c method=java.util.HashMap.hash(Ljava/lang/Object;)I @ 1
Event: 37.934 Thread 0x00007f3660008000 Uncommon trap: reason=unstable_if action=reinterpret pc=0x00007f36a92227d4 method=java.util.HashMap.getNode(ILjava/lang/Object;)Ljava/util/HashMap$Node; @ 53
Event: 37.934 Thread 0x00007f3660008000 Uncommon trap: reason=unstable_if action=reinterpret pc=0x00007f36a9302ff0 method=java.util.HashMap.hash(Ljava/lang/Object;)I @ 1
Event: 37.934 Thread 0x00007f3660008000 Uncommon trap: reason=unstable_if action=reinterpret pc=0x00007f36a93c00cc method=java.util.HashMap.putVal(ILjava/lang/Object;Ljava/lang/Object;ZZ)Ljava/lang/Object; @ 85
Event: 38.146 Thread 0x00007f3660008000 Uncommon trap: reason=unstable_if action=reinterpret pc=0x00007f36a928b474 method=java.util.LinkedHashMap.afterNodeInsertion(Z)V @ 1
Event: 38.700 Thread 0x00007f3660008000 Uncommon trap: reason=class_check action=maybe_recompile pc=0x00007f36a9555cf0 method=sun.misc.URLClassPath.getLoader(I)Lsun/misc/URLClassPath$Loader; @ 94
Event: 39.022 Thread 0x00007f3660008000 Uncommon trap: reason=unstable_if action=reinterpret pc=0x00007f36a925f644 method=java.io.UnixFileSystem.resolve(Ljava/lang/String;Ljava/lang/String;)Ljava/lang/String; @ 18
Event: 40.741 Thread 0x00007f3660008000 Uncommon trap: reason=unstable_if action=reinterpret pc=0x00007f36a922f77c method=java.net.URI.match(CJJ)Z @ 45
Event: 40.743 Thread 0x00007f3660008000 Uncommon trap: reason=unstable_if action=reinterpret pc=0x00007f36a91783ec method=java.net.URI.match(CJJ)Z @ 19

Classes redefined (0 events):
No events

Internal exceptions (10 events):
Event: 40.641 Thread 0x00007f3660008000 Exception <a 'java/security/PrivilegedActionException'> (0x00000000e7849118) thrown at [/usr/local/google/buildbot/src/googleplex-android/openjdk/out/hotspot/src/share/vm/prims/jvm.cpp, line 1508]
Event: 40.641 Thread 0x00007f3660008000 Exception <a 'java/security/PrivilegedActionException'> (0x00000000e7849e98) thrown at [/usr/local/google/buildbot/src/googleplex-android/openjdk/out/hotspot/src/share/vm/prims/jvm.cpp, line 1508]
Event: 40.642 Thread 0x00007f3660008000 Exception <a 'java/lang/ClassNotFoundException': org/codehaus/groovy/runtime/GStringImplBeanInfo> (0x00000000e7855628) thrown at [/usr/local/google/buildbot/src/googleplex-android/openjdk/out/hotspot/src/share/vm/classfile/systemDictionary.cpp, line 210]
Event: 40.643 Thread 0x00007f3660008000 Exception <a 'java/security/PrivilegedActionException'> (0x00000000e785eb70) thrown at [/usr/local/google/buildbot/src/googleplex-android/openjdk/out/hotspot/src/share/vm/prims/jvm.cpp, line 1508]
Event: 40.643 Thread 0x00007f3660008000 Exception <a 'java/security/PrivilegedActionException'> (0x00000000e785f8f0) thrown at [/usr/local/google/buildbot/src/googleplex-android/openjdk/out/hotspot/src/share/vm/prims/jvm.cpp, line 1508]
Event: 40.644 Thread 0x00007f3660008000 Exception <a 'java/security/PrivilegedActionException'> (0x00000000e786e108) thrown at [/usr/local/google/buildbot/src/googleplex-android/openjdk/out/hotspot/src/share/vm/prims/jvm.cpp, line 1508]
Event: 40.644 Thread 0x00007f3660008000 Exception <a 'java/security/PrivilegedActionException'> (0x00000000e786ee88) thrown at [/usr/local/google/buildbot/src/googleplex-android/openjdk/out/hotspot/src/share/vm/prims/jvm.cpp, line 1508]
Event: 40.645 Thread 0x00007f3660008000 Exception <a 'java/security/PrivilegedActionException'> (0x00000000e787ba60) thrown at [/usr/local/google/buildbot/src/googleplex-android/openjdk/out/hotspot/src/share/vm/prims/jvm.cpp, line 1508]
Event: 40.645 Thread 0x00007f3660008000 Exception <a 'java/security/PrivilegedActionException'> (0x00000000e787c7e0) thrown at [/usr/local/google/buildbot/src/googleplex-android/openjdk/out/hotspot/src/share/vm/prims/jvm.cpp, line 1508]
Event: 40.645 Thread 0x00007f3660008000 Exception <a 'java/lang/ClassNotFoundException': org/codehaus/groovy/runtime/GStringImplCustomizer> (0x00000000e7888230) thrown at [/usr/local/google/buildbot/src/googleplex-android/openjdk/out/hotspot/src/share/vm/classfile/systemDictionary.cpp, line 210

Events (10 events):
Event: 40.859 loading class org/gradle/api/internal/artifacts/ComponentSelectionRulesInternal done
Event: 40.861 loading class org/gradle/api/internal/artifacts/ivyservice/resolutionstrategy/DefaultCachePolicy
Event: 40.861 loading class org/gradle/api/internal/artifacts/ivyservice/resolutionstrategy/DefaultCachePolicy done
Event: 40.865 loading class org/gradle/api/internal/artifacts/configurations/ConflictResolution
Event: 40.865 loading class org/gradle/api/internal/artifacts/configurations/ConflictResolution done
Event: 40.867 loading class org/gradle/api/artifacts/ResolutionStrategy$SortOrder
Event: 40.867 loading class org/gradle/api/artifacts/ResolutionStrategy$SortOrder done
Event: 40.869 loading class org/gradle/api/artifacts/DependencySubstitution
Event: 40.869 loading class org/gradle/api/artifacts/DependencySubstitution done
Event: 40.875 Executing VM operation: ParallelGCFailedAllocation


Dynamic libraries:
00400000-00401000 r-xp 00000000 08:01 12977570                           /home/dell/Kiran/android-studio-ide-191.6010548-linux/android-studio/jre/bin/java
00401000-00402000 rw-p 00000000 08:01 12977570                           /home/dell/Kiran/android-studio-ide-191.6010548-linux/android-studio/jre/bin/java
0086e000-0088f000 rw-p 00000000 00:00 0                                  [heap]
a0000000-a3680000 rw-p 00000000 00:00 0 
a3680000-e0000000 ---p 00000000 00:00 0 
e0000000-e8600000 rw-p 00000000 00:00 0 
efe00000-100000000 ---p 00000000 00:00 0 
100000000-100460000 rw-p 00000000 00:00 0 
100460000-140000000 ---p 00000000 00:00 0 
7f3624000000-7f3624021000 rw-p 00000000 00:00 0 
7f3624021000-7f3628000000 ---p 00000000 00:00 0 
7f362c000000-7f362c021000 rw-p 00000000 00:00 0 
7f362c021000-7f3630000000 ---p 00000000 00:00 0 
7f3630000000-7f3630021000 rw-p 00000000 00:00 0 
7f3630021000-7f3634000000 ---p 00000000 00:00 0 
7f3634000000-7f3634021000 rw-p 00000000 00:00 0 
7f3634021000-7f3638000000 ---p 00000000 00:00 0 
7f3638000000-7f3638021000 rw-p 00000000 00:00 0 
7f3638021000-7f363c000000 ---p 00000000 00:00 0 
7f363c000000-7f363c021000 rw-p 00000000 00:00 0 
7f363c021000-7f3640000000 ---p 00000000 00:00 0 
7f3640000000-7f3640021000 rw-p 00000000 00:00 0 
7f3640021000-7f3644000000 ---p 00000000 00:00 0 
7f3644000000-7f3644021000 rw-p 00000000 00:00 0 
7f3644021000-7f3648000000 ---p 00000000 00:00 0 
7f3648000000-7f3648021000 rw-p 00000000 00:00 0 
7f3648021000-7f364c000000 ---p 00000000 00:00 0 
7f364c000000-7f364ce80000 rw-p 00000000 00:00 0 
7f364ce80000-7f3650000000 ---p 00000000 00:00 0 
7f3650000000-7f36503ef000 rw-p 00000000 00:00 0 
7f36503ef000-7f3654000000 ---p 00000000 00:00 0 
7f3654000000-7f3654025000 rw-p 00000000 00:00 0 
7f3654025000-7f3658000000 ---p 00000000 00:00 0 
7f3658000000-7f3658021000 rw-p 00000000 00:00 0 
7f3658021000-7f365c000000 ---p 00000000 00:00 0 
7f365c000000-7f365c021000 rw-p 00000000 00:00 0 
7f365c021000-7f3660000000 ---p 00000000 00:00 0 
7f3660000000-7f3660021000 rw-p 00000000 00:00 0 
7f3660021000-7f3664000000 ---p 00000000 00:00 0 
7f3664000000-7f3664021000 rw-p 00000000 00:00 0 
7f3664021000-7f3668000000 ---p 00000000 00:00 0 
7f3668000000-7f366805e000 rw-p 00000000 00:00 0 
7f366805e000-7f366c000000 ---p 00000000 00:00 0 
7f366c000000-7f366c021000 rw-p 00000000 00:00 0 
7f366c021000-7f3670000000 ---p 00000000 00:00 0 
7f3670000000-7f3670021000 rw-p 00000000 00:00 0 
7f3670021000-7f3674000000 ---p 00000000 00:00 0 
7f3674000000-7f3674886000 rw-p 00000000 00:00 0 
7f3674886000-7f3678000000 ---p 00000000 00:00 0 
7f3678000000-7f3679fa4000 rw-p 00000000 00:00 0 
7f3679fa4000-7f367c000000 ---p 00000000 00:00 0 
7f367c000000-7f367c021000 rw-p 00000000 00:00 0 
7f367c021000-7f3680000000 ---p 00000000 00:00 0 
7f3680000000-7f368275e000 rw-p 00000000 00:00 0 
7f368275e000-7f3684000000 ---p 00000000 00:00 0 
7f3684000000-7f3684021000 rw-p 00000000 00:00 0 
7f3684021000-7f3688000000 ---p 00000000 00:00 0 
7f3688000000-7f3688021000 rw-p 00000000 00:00 0 
7f3688021000-7f368c000000 ---p 00000000 00:00 0 
7f368c000000-7f368c031000 rw-p 00000000 00:00 0 
7f368c031000-7f3690000000 ---p 00000000 00:00 0 
7f3690000000-7f36902e5000 rw-p 00000000 00:00 0 
7f36902e5000-7f3694000000 ---p 00000000 00:00 0 
7f3694000000-7f3694031000 rw-p 00000000 00:00 0 
7f3694031000-7f3698000000 ---p 00000000 00:00 0 
7f3698000000-7f3698021000 rw-p 00000000 00:00 0 
7f3698021000-7f369c000000 ---p 00000000 00:00 0 
7f369dd3c000-7f369de3c000 rw-p 00000000 00:00 0 
7f369de3c000-7f369df3c000 ---p 00000000 00:00 0 
7f369df3c000-7f369df3f000 ---p 00000000 00:00 0 
7f369df3f000-7f369e03d000 rw-p 00000000 00:00 0 
7f369e03d000-7f369e040000 ---p 00000000 00:00 0 
7f369e040000-7f369e13e000 rw-p 00000000 00:00 0 
7f369e13e000-7f369e141000 ---p 00000000 00:00 0 
7f369e141000-7f369e43f000 rw-p 00000000 00:00 0 
7f369e43f000-7f369e63f000 rw-p 00000000 00:00 0 
7f369e63f000-7f369e83f000 rw-p 00000000 00:00 0 
7f369e83f000-7f369ea3f000 rw-p 00000000 00:00 0 
7f369ea3f000-7f369ec3f000 rw-p 00000000 00:00 0 
7f369ec3f000-7f369ec42000 ---p 00000000 00:00 0 
7f369ec42000-7f369ed40000 rw-p 00000000 00:00 0 
7f369ed7a000-7f369ef7a000 rw-p 00000000 00:00 0 
7f369ef7a000-7f369eff4000 r--s 01102000 08:01 12977564                   /home/dell/Kiran/android-studio-ide-191.6010548-linux/android-studio/jre/lib/tools.jar
7f369eff4000-7f369f1f4000 rw-p 00000000 00:00 0 
7f369f1f4000-7f369f1f7000 ---p 00000000 00:00 0 
7f369f1f7000-7f369f2f5000 rw-p 00000000 00:00 0 
7f369f2f5000-7f369f2f8000 ---p 00000000 00:00 0 
7f369f2f8000-7f369f3f6000 rw-p 00000000 00:00 0 
7f369f3f6000-7f369f3f9000 ---p 00000000 00:00 0 
7f369f3f9000-7f369f6f7000 rw-p 00000000 00:00 0 
7f369f6f7000-7f369f6fa000 ---p 00000000 00:00 0 
7f369f6fa000-7f369f7f8000 rw-p 00000000 00:00 0 
7f369f7f8000-7f369f7fb000 ---p 00000000 00:00 0 
7f369f7fb000-7f369f8f9000 rw-p 00000000 00:00 0 
7f369f8f9000-7f369f8fc000 ---p 00000000 00:00 0 
7f369f8fc000-7f369f9fa000 rw-p 00000000 00:00 0 
7f369f9fa000-7f369f9fd000 ---p 00000000 00:00 0 
7f369f9fd000-7f369fafb000 rw-p 00000000 00:00 0 
7f369fafb000-7f369fafe000 ---p 00000000 00:00 0 
7f369fafe000-7f369fbfc000 rw-p 00000000 00:00 0 
7f369fbfc000-7f369fbff000 ---p 00000000 00:00 0 
7f369fbff000-7f369fcfd000 rw-p 00000000 00:00 0 
7f369fcfd000-7f369fd00000 ---p 00000000 00:00 0 
7f369fd00000-7f369fdfe000 rw-p 00000000 00:00 0 
7f369fdfe000-7f369fe01000 ---p 00000000 00:00 0 
7f369fe01000-7f369feff000 rw-p 00000000 00:00 0 
7f369feff000-7f369ff02000 ---p 00000000 00:00 0 
7f369ff02000-7f36a0000000 rw-p 00000000 00:00 0 
7f36a0000000-7f36a0021000 rw-p 00000000 00:00 0 
7f36a0021000-7f36a4000000 ---p 00000000 00:00 0 
7f36a405e000-7f36a4065000 r--s 00000000 08:01 8915747                    /usr/lib/x86_64-linux-gnu/gconv/gconv-modules.cache
7f36a4065000-7f36a4069000 r--s 000a1000 08:01 12977715                   /home/dell/Kiran/android-studio-ide-191.6010548-linux/android-studio/jre/jre/lib/jsse.jar
7f36a4069000-7f36a4269000 rw-p 00000000 00:00 0 
7f36a4269000-7f36a426c000 ---p 00000000 00:00 0 
7f36a426c000-7f36a436a000 rw-p 00000000 00:00 0 
7f36a436a000-7f36a4372000 r-xp 00000000 08:01 12977660                   /home/dell/Kiran/android-studio-ide-191.6010548-linux/android-studio/jre/jre/lib/amd64/libmanagement.so
7f36a4372000-7f36a4373000 rw-p 00007000 08:01 12977660                   /home/dell/Kiran/android-studio-ide-191.6010548-linux/android-studio/jre/jre/lib/amd64/libmanagement.so
7f36a4373000-7f36a4375000 r--s 0000f000 08:01 13768501                   /home/dell/.gradle/wrapper/dists/gradle-5.4.1-all/3221gyojl5jsh0helicew7rwx/gradle-5.4.1/lib/plugins/gradle-tooling-api-builders-5.4.1.jar
7f36a4375000-7f36a4376000 r--s 00005000 08:01 13768522                   /home/dell/.gradle/wrapper/dists/gradle-5.4.1-all/3221gyojl5jsh0helicew7rwx/gradle-5.4.1/lib/plugins/gradle-build-profile-5.4.1.jar
7f36a4376000-7f36a4378000 r--s 00003000 08:01 13768481                   /home/dell/.gradle/wrapper/dists/gradle-5.4.1-all/3221gyojl5jsh0helicew7rwx/gradle-5.4.1/lib/plugins/gradle-tooling-native-5.4.1.jar
7f36a4378000-7f36a437c000 r--s 00017000 08:01 13768483                   /home/dell/.gradle/wrapper/dists/gradle-5.4.1-all/3221gyojl5jsh0helicew7rwx/gradle-5.4.1/lib/plugins/gradle-testing-native-5.4.1.jar
7f36a437c000-7f36a437e000 r--s 0000f000 08:01 13768579                   /home/dell/.gradle/wrapper/dists/gradle-5.4.1-all/3221gyojl5jsh0helicew7rwx/gradle-5.4.1/lib/plugins/jcommander-1.72.jar
7f36a437e000-7f36a4387000 r--s 00089000 08:01 13768555                   /home/dell/.gradle/wrapper/dists/gradle-5.4.1-all/3221gyojl5jsh0helicew7rwx/gradle-5.4.1/lib/plugins/testng-6.3.1.jar
7f36a4387000-7f36a438c000 r--s 0005a000 08:01 13768559                   /home/dell/.gradle/wrapper/dists/gradle-5.4.1-all/3221gyojl5jsh0helicew7rwx/gradle-5.4.1/lib/plugins/bsh-2.0b6.jar
7f36a438c000-7f36a4390000 r--s 0001c000 08:01 13768502                   /home/dell/.gradle/wrapper/dists/gradle-5.4.1-all/3221gyojl5jsh0helicew7rwx/gradle-5.4.1/lib/plugins/gradle-testing-jvm-5.4.1.jar
7f36a4390000-7f36a4393000 r--s 00011000 08:01 13768597                   /home/dell/.gradle/wrapper/dists/gradle-5.4.1-all/3221gyojl5jsh0helicew7rwx/gradle-5.4.1/lib/plugins/junit-platform-commons-1.3.1.jar
7f36a4393000-7f36a4394000 r--s 00001000 08:01 13768599                   /home/dell/.gradle/wrapper/dists/gradle-5.4.1-all/3221gyojl5jsh0helicew7rwx/gradle-5.4.1/lib/plugins/opentest4j-1.1.1.jar
7f36a4394000-7f36a4398000 r--s 0001d000 08:01 13768596                   /home/dell/.gradle/wrapper/dists/gradle-5.4.1-all/3221gyojl5jsh0helicew7rwx/gradle-5.4.1/lib/plugins/junit-platform-engine-1.3.1.jar
7f36a4398000-7f36a4399000 r--s 00000000 08:01 13768598                   /home/dell/.gradle/wrapper/dists/gradle-5.4.1-all/3221gyojl5jsh0helicew7rwx/gradle-5.4.1/lib/plugins/apiguardian-api-1.0.0.jar
7f36a4399000-7f36a439c000 r--s 00015000 08:01 13768560                   /home/dell/.gradle/wrapper/dists/gradle-5.4.1-all/3221gyojl5jsh0helicew7rwx/gradle-5.4.1/lib/plugins/junit-platform-launcher-1.3.1.jar
7f36a439c000-7f36a439e000 r--s 00009000 08:01 13768577                   /home/dell/.gradle/wrapper/dists/gradle-5.4.1-all/3221gyojl5jsh0helicew7rwx/gradle-5.4.1/lib/plugins/hamcrest-core-1.3.jar
7f36a439e000-7f36a43a6000 r--s 00045000 08:01 13768558                   /home/dell/.gradle/wrapper/dists/gradle-5.4.1-all/3221gyojl5jsh0helicew7rwx/gradle-5.4.1/lib/plugins/junit-4.12.jar
7f36a43a6000-7f36a43a7000 r--s 00003000 08:01 13768500                   /home/dell/.gradle/wrapper/dists/gradle-5.4.1-all/3221gyojl5jsh0helicew7rwx/gradle-5.4.1/lib/plugins/gradle-testing-junit-platform-5.4.1.jar
7f36a43a7000-7f36a43af000 r--s 00034000 08:01 13768510                   /home/dell/.gradle/wrapper/dists/gradle-5.4.1-all/3221gyojl5jsh0helicew7rwx/gradle-5.4.1/lib/plugins/gradle-testing-base-5.4.1.jar
7f36a43af000-7f36a43b7000 r--s 00048000 08:01 13768549                   /home/dell/.gradle/wrapper/dists/gradle-5.4.1-all/3221gyojl5jsh0helicew7rwx/gradle-5.4.1/lib/plugins/bcpg-jdk15on-1.61.jar
7f36a43b7000-7f36a43b9000 r--s 0000f000 08:01 13768480                   /home/dell/.gradle/wrapper/dists/gradle-5.4.1-all/3221gyojl5jsh0helicew7rwx/gradle-5.4.1/lib/plugins/gradle-signing-5.4.1.jar
7f36a43b9000-7f36a43bb000 r--s 00009000 08:01 13768489                   /home/dell/.gradle/wrapper/dists/gradle-5.4.1-all/3221gyojl5jsh0helicew7rwx/gradle-5.4.1/lib/plugins/gradle-scala-5.4.1.jar
7f36a43bb000-7f36a43bc000 r--s 00004000 08:01 13768521                   /home/dell/.gradle/wrapper/dists/gradle-5.4.1-all/3221gyojl5jsh0helicew7rwx/gradle-5.4.1/lib/plugins/gradle-resources-sftp-5.4.1.jar
7f36a43bc000-7f36a43c5000 r--s 0005b000 08:01 13768527                   /home/dell/.gradle/wrapper/dists/gradle-5.4.1-all/3221gyojl5jsh0helicew7rwx/gradle-5.4.1/lib/plugins/aws-java-sdk-kms-1.11.407.jar
7f36a43c5000-7f36a43c7000 r--s 00005000 08:01 13768566                   /home/dell/.gradle/wrapper/dists/gradle-5.4.1-all/3221gyojl5jsh0helicew7rwx/gradle-5.4.1/lib/plugins/jmespath-java-1.11.407.jar
7f36a43c7000-7f36a43da000 r--s 000ca000 08:01 13768526                   /home/dell/.gradle/wrapper/dists/gradle-5.4.1-all/3221gyojl5jsh0helicew7rwx/gradle-5.4.1/lib/plugins/aws-java-sdk-s3-1.11.407.jar
7f36a43da000-7f36a43e4000 r--s 00081000 08:01 13768595                   /home/dell/.gradle/wrapper/dists/gradle-5.4.1-all/3221gyojl5jsh0helicew7rwx/gradle-5.4.1/lib/plugins/ion-java-1.0.2.jar
7f36a43e4000-7f36a43fa000 r--s 000ca000 08:01 13768528                   /home/dell/.gradle/wrapper/dists/gradle-5.4.1-all/3221gyojl5jsh0helicew7rwx/gradle-5.4.1/lib/plugins/aws-java-sdk-core-1.11.407.jar
7f36a43fa000-7f36a43fc000 r--s 00004000 08:01 13768517                   /home/dell/.gradle/wrapper/dists/gradle-5.4.1-all/3221gyojl5jsh0helicew7rwx/gradle-5.4.1/lib/plugins/gradle-resources-s3-5.4.1.jar
7f36a43fc000-7f36a440d000 r--s 0008c000 08:01 13768570                   /home/dell/.gradle/wrapper/dists/gradle-5.4.1-all/3221gyojl5jsh0helicew7rwx/gradle-5.4.1/lib/plugins/joda-time-2.10.jar
7f36a440d000-7f36a441f000 r--s 00137000 08:01 13768567                   /home/dell/.gradle/wrapper/dists/gradle-5.4.1-all/3221gyojl5jsh0helicew7rwx/gradle-5.4.1/lib/plugins/jackson-databind-2.9.8.jar
7f36a441f000-7f36a4422000 r--s 0000e000 08:01 13768569                   /home/dell/.gradle/wrapper/dists/gradle-5.4.1-all/3221gyojl5jsh0helicew7rwx/gradle-5.4.1/lib/plugins/jackson-annotations-2.9.8.jar
7f36a4422000-7f36a4426000 r--s 0004c000 08:01 13768568                   /home/dell/.gradle/wrapper/dists/gradle-5.4.1-all/3221gyojl5jsh0helicew7rwx/gradle-5.4.1/lib/plugins/jackson-core-2.9.8.jar
7f36a4426000-7f36a4427000 r--s 00001000 08:01 13768535                   /home/dell/.gradle/wrapper/dists/gradle-5.4.1-all/3221gyojl5jsh0helicew7rwx/gradle-5.4.1/lib/plugins/google-http-client-jackson2-1.25.0.jar
7f36a4427000-7f36a4431000 r--s 00056000 08:01 13768536                   /home/dell/.gradle/wrapper/dists/gradle-5.4.1-all/3221gyojl5jsh0helicew7rwx/gradle-5.4.1/lib/plugins/google-http-client-1.25.0.jar
7f36a4431000-7f36a4434000 r--s 0000d000 08:01 13768534                   /home/dell/.gradle/wrapper/dists/gradle-5.4.1-all/3221gyojl5jsh0helicew7rwx/gradle-5.4.1/lib/plugins/google-oauth-client-1.25.0.jar
7f36a4434000-7f36a4439000 r--s 0002d000 08:01 13768533                   /home/dell/.gradle/wrapper/dists/gradle-5.4.1-all/3221gyojl5jsh0helicew7rwx/gradle-5.4.1/lib/plugins/google-api-client-1.25.0.jar
7f36a4439000-7f36a443d000 r--s 0001d000 08:01 13768532                   /home/dell/.gradle/wrapper/dists/gradle-5.4.1-all/3221gyojl5jsh0helicew7rwx/gradle-5.4.1/lib/plugins/google-api-services-storage-v1-rev136-1.25.0.jar
7f36a443d000-7f36a443f000 r--s 00003000 08:01 13768518                   /home/dell/.gradle/wrapper/dists/gradle-5.4.1-all/3221gyojl5jsh0helicew7rwx/gradle-5.4.1/lib/plugins/gradle-resources-gcs-5.4.1.jar
7f36a443f000-7f36a4441000 r--s 00010000 08:01 13768516                   /home/dell/.gradle/wrapper/dists/gradle-5.4.1-all/3221gyojl5jsh0helicew7rwx/gradle-5.4.1/lib/plugins/gradle-reporting-5.4.1.jar
7f36a4441000-7f36a4443000 r--s 00008000 08:01 13768509                   /home/dell/.gradle/wrapper/dists/gradle-5.4.1-all/3221gyojl5jsh0helicew7rwx/gradle-5.4.1/lib/plugins/gradle-publish-5.4.1.jar
7f36a4443000-7f36a444b000 r--s 00046000 08:01 13768497                   /home/dell/.gradle/wrapper/dists/gradle-5.4.1-all/3221gyojl5jsh0helicew7rwx/gradle-5.4.1/lib/plugins/gradle-plugins-5.4.1.jar
7f36a444b000-7f36a444d000 r--s 0000c000 08:01 13768485                   /home/dell/.gradle/wrapper/dists/gradle-5.4.1-all/3221gyojl5jsh0helicew7rwx/gradle-5.4.1/lib/plugins/gradle-plugin-development-5.4.1.jar
7f36a444d000-7f36a4453000 r--s 00030000 08:01 13768492                   /home/dell/.gradle/wrapper/dists/gradle-5.4.1-all/3221gyojl5jsh0helicew7rwx/gradle-5.4.1/lib/plugins/gradle-platform-play-5.4.1.jar
7f36a4453000-7f36a4459000 r--s 0003d000 08:01 13768556                   /home/dell/.gradle/wrapper/dists/gradle-5.4.1-all/3221gyojl5jsh0helicew7rwx/gradle-5.4.1/lib/plugins/snakeyaml-1.17.jar
7f36a4459000-7f36a446b000 r--s 00078000 08:01 13768507                   /home/dell/.gradle/wrapper/dists/gradle-5.4.1-all/3221gyojl5jsh0helicew7rwx/gradle-5.4.1/lib/plugins/gradle-platform-native-5.4.1.jar
7f36a446b000-7f36a446f000 r--s 0001b000 08:01 13768506                   /home/dell/.gradle/wrapper/dists/gradle-5.4.1-all/3221gyojl5jsh0helicew7rwx/gradle-5.4.1/lib/plugins/gradle-platform-jvm-5.4.1.jar
7f36a446f000-7f36a4476000 r--s 0002a000 08:01 13768511                   /home/dell/.gradle/wrapper/dists/gradle-5.4.1-all/3221gyojl5jsh0helicew7rwx/gradle-5.4.1/lib/plugins/gradle-platform-base-5.4.1.jar
7f36a4476000-7f36a44a3000 r--s 0025e000 08:01 13768540                   /home/dell/.gradle/wrapper/dists/gradle-5.4.1-all/3221gyojl5jsh0helicew7rwx/gradle-5.4.1/lib/plugins/biz.aQute.bndlib-4.0.0.jar
7f36a44a3000-7f36a44a4000 r--s 00004000 08:01 13768479                   /home/dell/.gradle/wrapper/dists/gradle-5.4.1-all/3221gyojl5jsh0helicew7rwx/gradle-5.4.1/lib/plugins/gradle-osgi-5.4.1.jar
7f36a44a4000-7f36a44a7000 r--s 0000c000 08:01 13768545                   /home/dell/.gradle/wrapper/dists/gradle-5.4.1-all/3221gyojl5jsh0helicew7rwx/gradle-5.4.1/lib/plugins/pmaven-groovy-0.8-20100325.jar
7f36a44a7000-7f36a44a8000 r--s 00004000 08:01 13768544                   /home/dell/.gradle/wrapper/dists/gradle-5.4.1-all/3221gyojl5jsh0helicew7rwx/gradle-5.4.1/lib/plugins/pmaven-common-0.8-20100325.jar
7f36a44a8000-7f36a44a9000 r--s 00008000 08:01 13768531                   /home/dell/.gradle/wrapper/dists/gradle-5.4.1-all/3221gyojl5jsh0helicew7rwx/gradle-5.4.1/lib/plugins/wagon-http-shared-3.0.0.jar
7f36a44a9000-7f36a44aa000 r--s 00002000 08:01 13768530                   /home/dell/.gradle/wrapper/dists/gradle-5.4.1-all/3221gyojl5jsh0helicew7rwx/gradle-5.4.1/lib/plugins/wagon-http-3.0.0.jar
7f36a44aa000-7f36a44ab000 r--s 00002000 08:01 13768546                   /home/dell/.gradle/wrapper/dists/gradle-5.4.1-all/3221gyojl5jsh0helicew7rwx/gradle-5.4.1/lib/plugins/wagon-file-3.0.0.jar
7f36a44ab000-7f36a44ad000 r--s 00006000 08:01 13768548                   /home/dell/.gradle/wrapper/dists/gradle-5.4.1-all/3221gyojl5jsh0helicew7rwx/gradle-5.4.1/lib/plugins/aether-connector-wagon-1.13.1.jar
7f36a44ad000-7f36a44b4000 r--s 00031000 08:01 13768486                   /home/dell/.gradle/wrapper/dists/gradle-5.4.1-all/3221gyojl5jsh0helicew7rwx/gradle-5.4.1/lib/plugins/gradle-maven-5.4.1.jar
7f36a44b4000-7f36a44b6000 r--s 0000c000 08:01 13768499                   /home/dell/.gradle/wrapper/dists/gradle-5.4.1-all/3221gyojl5jsh0helicew7rwx/gradle-5.4.1/lib/plugins/gradle-language-scala-5.4.1.jar
7f36a44b6000-7f36a44c1000 r--s 00054000 08:01 13768484                   /home/dell/.gradle/wrapper/dists/gradle-5.4.1-all/3221gyojl5jsh0helicew7rwx/gradle-5.4.1/lib/plugins/gradle-language-native-5.4.1.jar
7f36a44c1000-7f36a44c3000 r--s 00005000 08:01 13768505                   /home/dell/.gradle/wrapper/dists/gradle-5.4.1-all/3221gyojl5jsh0helicew7rwx/gradle-5.4.1/lib/plugins/gradle-language-jvm-5.4.1.jar
7f36a44c3000-7f36a44cc000 r--s 00042000 08:01 13768503                   /home/dell/.gradle/wrapper/dists/gradle-5.4.1-all/3221gyojl5jsh0helicew7rwx/gradle-5.4.1/lib/plugins/gradle-language-java-5.4.1.jar
7f36a44cc000-7f36a44ce000 r--s 0000b000 08:01 13768498                   /home/dell/.gradle/wrapper/dists/gradle-5.4.1-all/3221gyojl5jsh0helicew7rwx/gradle-5.4.1/lib/plugins/gradle-language-groovy-5.4.1.jar
7f36a44ce000-7f36a44d5000 r--s 00035000 08:01 13768552                   /home/dell/.gradle/wrapper/dists/gradle-5.4.1-all/3221gyojl5jsh0helicew7rwx/gradle-5.4.1/lib/plugins/simple-4.1.21.jar
7f36a44d5000-7f36a44e2000 r--s 00125000 08:01 13768550                   /home/dell/.gradle/wrapper/dists/gradle-5.4.1-all/3221gyojl5jsh0helicew7rwx/gradle-5.4.1/lib/plugins/rhino-1.7.10.jar
7f36a44e2000-7f36a44e6000 r--s 00012000 08:01 13768493                   /home/dell/.gradle/wrapper/dists/gradle-5.4.1-all/3221gyojl5jsh0helicew7rwx/gradle-5.4.1/lib/plugins/gradle-javascript-5.4.1.jar
7f36a44e6000-7f36a44ea000 r--s 00011000 08:01 13768495                   /home/dell/.gradle/wrapper/dists/gradle-5.4.1-all/3221gyojl5jsh0helicew7rwx/gradle-5.4.1/lib/plugins/gradle-jacoco-5.4.1.jar
7f36a44ea000-7f36a44ee000 r--s 00015000 08:01 13768494                   /home/dell/.gradle/wrapper/dists/gradle-5.4.1-all/3221gyojl5jsh0helicew7rwx/gradle-5.4.1/lib/plugins/gradle-ivy-5.4.1.jar
7f36a44ee000-7f36a44f0000 r--s 00002000 08:01 13768487                   /home/dell/.gradle/wrapper/dists/gradle-5.4.1-all/3221gyojl5jsh0helicew7rwx/gradle-5.4.1/lib/plugins/gradle-ide-play-5.4.1.jar
7f36a44f0000-7f36a44f2000 r--s 00011000 08:01 13768557                   /home/dell/.gradle/wrapper/dists/gradle-5.4.1-all/3221gyojl5jsh0helicew7rwx/gradle-5.4.1/lib/plugins/dd-plist-1.21.jar
7f36a44f2000-7f36a44f9000 r--s 00034000 08:01 13768482                   /home/dell/.gradle/wrapper/dists/gradle-5.4.1-all/3221gyojl5jsh0helicew7rwx/gradle-5.4.1/lib/plugins/gradle-ide-native-5.4.1.jar
7f36a44f9000-7f36a4503000 r--s 0005f000 08:01 13768488                   /home/dell/.gradle/wrapper/dists/gradle-5.4.1-all/3221gyojl5jsh0helicew7rwx/gradle-5.4.1/lib/plugins/gradle-ide-5.4.1.jar
7f36a4503000-7f36a4505000 r--s 00008000 08:01 13768491                   /home/dell/.gradle/wrapper/dists/gradle-5.4.1-all/3221gyojl5jsh0helicew7rwx/gradle-5.4.1/lib/plugins/gradle-ear-5.4.1.jar
7f36a4505000-7f36a4507000 r--s 00006000 08:01 13768553                   /home/dell/.gradle/wrapper/dists/gradle-5.4.1-all/3221gyojl5jsh0helicew7rwx/gradle-5.4.1/lib/plugins/jatl-0.2.3.jar
7f36a4507000-7f36a450d000 r--s 0003e000 08:01 13768508                   /home/dell/.gradle/wrapper/dists/gradle-5.4.1-all/3221gyojl5jsh0helicew7rwx/gradle-5.4.1/lib/plugins/gradle-diagnostics-5.4.1.jar
7f36a450d000-7f36a4512000 r--s 00028000 08:01 13768478                   /home/dell/.gradle/wrapper/dists/gradle-5.4.1-all/3221gyojl5jsh0helicew7rwx/gradle-5.4.1/lib/plugins/gradle-code-quality-5.4.1.jar
7f36a4512000-7f36a4514000 r--s 0000b000 08:01 13768554                   /home/dell/.gradle/wrapper/dists/gradle-5.4.1-all/3221gyojl5jsh0helicew7rwx/gradle-5.4.1/lib/plugins/maven-plugin-api-3.0.4.jar
7f36a4514000-7f36a4516000 r--s 0000c000 08:01 13768592                   /home/dell/.gradle/wrapper/dists/gradle-5.4.1-all/3221gyojl5jsh0helicew7rwx/gradle-5.4.1/lib/plugins/wagon-provider-api-3.0.0.jar
7f36a4516000-7f36a451c000 r--s 0003f000 08:01 13768542                   /home/dell/.gradle/wrapper/dists/gradle-5.4.1-all/3221gyojl5jsh0helicew7rwx/gradle-5.4.1/lib/plugins/maven-compat-3.0.4.jar
7f36a451c000-7f36a451f000 r--s 0000a000 08:01 13768589                   /home/dell/.gradle/wrapper/dists/gradle-5.4.1-all/3221gyojl5jsh0helicew7rwx/gradle-5.4.1/lib/plugins/plexus-classworlds-2.5.1.jar
7f36a451f000-7f36a4523000 r--s 00021000 08:01 13768594                   /home/dell/.gradle/wrapper/dists/gradle-5.4.1-all/3221gyojl5jsh0helicew7rwx/gradle-5.4.1/lib/plugins/xbean-reflect-3.7.jar
7f36a4523000-7f36a452a000 r--s 00032000 08:01 13768547                   /home/dell/.gradle/wrapper/dists/gradle-5.4.1-all/3221gyojl5jsh0helicew7rwx/gradle-5.4.1/lib/plugins/plexus-container-default-1.7.1.jar
7f36a452a000-7f36a4530000 r--s 00031000 08:01 13768496                   /home/dell/.gradle/wrapper/dists/gradle-5.4.1-all/3221gyojl5jsh0helicew7rwx/gradle-5.4.1/lib/plugins/gradle-build-init-5.4.1.jar
7f36a4530000-7f36a4536000 r--s 0002e000 08:01 13768490                   /home/dell/.gradle/wrapper/dists/gradle-5.4.1-all/3221gyojl5jsh0helicew7rwx/gradle-5.4.1/lib/plugins/gradle-build-comparison-5.4.1.jar
7f36a4536000-7f36a4538000 r--s 00002000 08:01 13768519                   /home/dell/.gradle/wrapper/dists/gradle-5.4.1-all/3221gyojl5jsh0helicew7rwx/gradle-5.4.1/lib/plugins/gradle-build-cache-http-5.4.1.jar
7f36a4538000-7f36a453a000 r--s 00009000 08:01 13768477                   /home/dell/.gradle/wrapper/dists/gradle-5.4.1-all/3221gyojl5jsh0helicew7rwx/gradle-5.4.1/lib/plugins/gradle-antlr-5.4.1.jar
7f36a453a000-7f36a453b000 r--s 00005000 08:01 13768476                   /home/dell/.gradle/wrapper/dists/gradle-5.4.1-all/3221gyojl5jsh0helicew7rwx/gradle-5.4.1/lib/plugins/gradle-announce-5.4.1.jar
7f36a453b000-7f36a453e000 r--s 00017000 08:01 13768524                   /home/dell/.gradle/wrapper/dists/gradle-5.4.1-all/3221gyojl5jsh0helicew7rwx/gradle-5.4.1/lib/plugins/gradle-kotlin-dsl-tooling-builders-5.4.1.jar
7f36a453e000-7f36a4544000 r--s 00029000 08:01 13768523                   /home/dell/.gradle/wrapper/dists/gradle-5.4.1-all/3221gyojl5jsh0helicew7rwx/gradle-5.4.1/lib/plugins/gradle-kotlin-dsl-provider-plugins-5.4.1.jar
7f36a4544000-7f36a4545000 r--s 00000000 08:01 13768398                   /home/dell/.gradle/wrapper/dists/gradle-5.4.1-all/3221gyojl5jsh0helicew7rwx/gradle-5.4.1/lib/gradle-runtime-api-info-5.4.1.jar
7f36a4545000-7f36a454a000 r--s 00040000 08:01 13768564                   /home/dell/.gradle/wrapper/dists/gradle-5.4.1-all/3221gyojl5jsh0helicew7rwx/gradle-5.4.1/lib/plugins/jsch-0.1.54.jar
7f36a454a000-7f36a454c000 r--s 00010000 08:01 13768580                   /home/dell/.gradle/wrapper/dists/gradle-5.4.1-all/3221gyojl5jsh0helicew7rwx/gradle-5.4.1/lib/plugins/jzlib-1.1.3.jar
7f36a454c000-7f36a4571000 r--s 00265000 08:01 13768529                   /home/dell/.gradle/wrapper/dists/gradle-5.4.1-all/3221gyojl5jsh0helicew7rwx/gradle-5.4.1/lib/plugins/org.eclipse.jgit-5.0.3.201809091024-r.jar
7f36a4571000-7f36a4574000 r--s 0000c000 08:01 13768513                   /home/dell/.gradle/wrapper/dists/gradle-5.4.1-all/3221gyojl5jsh0helicew7rwx/gradle-5.4.1/lib/plugins/gradle-version-control-5.4.1.jar
7f36a4574000-7f36a458d000 r--s 0013a000 08:01 13768563                   /home/dell/.gradle/wrapper/dists/gradle-5.4.1-all/3221gyojl5jsh0helicew7rwx/gradle-5.4.1/lib/plugins/xercesImpl-2.12.0.jar
7f36a458d000-7f36a458f000 r--s 0001d000 08:01 13768562                   /home/dell/.gradle/wrapper/dists/gradle-5.4.1-all/3221gyojl5jsh0helicew7rwx/gradle-5.4.1/lib/plugins/nekohtml-1.9.22.jar
7f36a458f000-7f36a4595000 r--s 0005b000 08:01 13768561                   /home/dell/.gradle/wrapper/dists/gradle-5.4.1-all/3221gyojl5jsh0helicew7rwx/gradle-5.4.1/lib/plugins/jcifs-1.3.17.jar
7f36a4595000-7f36a459c000 r--s 0004b000 08:01 13768538                   /home/dell/.gradle/wrapper/dists/gradle-5.4.1-all/3221gyojl5jsh0helicew7rwx/gradle-5.4.1/lib/plugins/commons-codec-1.11.jar
7f36a459c000-7f36a45a3000 r--s 00049000 08:01 13768578                   /home/dell/.gradle/wrapper/dists/gradle-5.4.1-all/3221gyojl5jsh0helicew7rwx/gradle-5.4.1/lib/plugins/httpcore-4.4.10.jar
7f36a45a3000-7f36a45b0000 r--s 000af000 08:01 13768537                   /home/dell/.gradle/wrapper/dists/gradle-5.4.1-all/3221gyojl5jsh0helicew7rwx/gradle-5.4.1/lib/plugins/httpclient-4.5.6.jar
7f36a45b0000-7f36a45b3000 r--s 0000e000 08:01 13768520                   /home/dell/.gradle/wrapper/dists/gradle-5.4.1-all/3221gyojl5jsh0helicew7rwx/gradle-5.4.1/lib/plugins/gradle-resources-http-5.4.1.jar
7f36a45b3000-7f36a45b6000 r--s 0000c000 08:01 13768512                   /home/dell/.gradle/wrapper/dists/gradle-5.4.1-all/3221gyojl5jsh0helicew7rwx/gradle-5.4.1/lib/plugins/gradle-plugin-use-5.4.1.jar
7f36a45b6000-7f36a45b9000 r--s 0000d000 08:01 13768515                   /home/dell/.gradle/wrapper/dists/gradle-5.4.1-all/3221gyojl5jsh0helicew7rwx/gradle-5.4.1/lib/plugins/gradle-composite-builds-5.4.1.jar
7f36a45b9000-7f36a45ba000 r--s 00000000 08:01 13768401                   /home/dell/.gradle/wrapper/dists/gradle-5.4.1-all/3221gyojl5jsh0helicew7rwx/gradle-5.4.1/lib/gradle-installation-beacon-5.4.1.jar
7f36a45ba000-7f36a45bc000 r--s 00006000 08:01 13768584                   /home/dell/.gradle/wrapper/dists/gradle-5.4.1-all/3221gyojl5jsh0helicew7rwx/gradle-5.4.1/lib/plugins/maven-repository-metadata-3.0.4.jar
7f36a45bc000-7f36a45be000 r--s 0000c000 08:01 13768572                   /home/dell/.gradle/wrapper/dists/gradle-5.4.1-all/3221gyojl5jsh0helicew7rwx/gradle-5.4.1/lib/plugins/maven-aether-provider-3.0.4.jar
7f36a45be000-7f36a45bf000 r--s 00003000 08:01 13768574                   /home/dell/.gradle/wrapper/dists/gradle-5.4.1-all/3221gyojl5jsh0helicew7rwx/gradle-5.4.1/lib/plugins/aether-spi-1.13.1.jar
7f36a45bf000-7f36a45c2000 r--s 0001d000 08:01 13768573                   /home/dell/.gradle/wrapper/dists/gradle-5.4.1-all/3221gyojl5jsh0helicew7rwx/gradle-5.4.1/lib/plugins/aether-impl-1.13.1.jar
7f36a45c2000-7f36a45c6000 r--s 0001c000 08:01 13768575                   /home/dell/.gradle/wrapper/dists/gradle-5.4.1-all/3221gyojl5jsh0helicew7rwx/gradle-5.4.1/lib/plugins/aether-util-1.13.1.jar
7f36a45c6000-7f36a45c9000 r--s 00013000 08:01 13768576                   /home/dell/.gradle/wrapper/dists/gradle-5.4.1-all/3221gyojl5jsh0helicew7rwx/gradle-5.4.1/lib/plugins/aether-api-1.13.1.jar
7f36a45c9000-7f36a45cb000 r--s 0000b000 08:01 13768581                   /home/dell/.gradle/wrapper/dists/gradle-5.4.1-all/3221gyojl5jsh0helicew7rwx/gradle-5.4.1/lib/plugins/maven-artifact-3.0.4.jar
7f36a45cb000-7f36a45cf000 r--s 00021000 08:01 13768582                   /home/dell/.gradle/wrapper/dists/gradle-5.4.1-all/3221gyojl5jsh0helicew7rwx/gradle-5.4.1/lib/plugins/maven-model-builder-3.0.4.jar
7f36a45cf000-7f36a45d1000 r--s 00026000 08:01 13768583                   /home/dell/.gradle/wrapper/dists/gradle-5.4.1-all/3221gyojl5jsh0helicew7rwx/gradle-5.4.1/lib/plugins/maven-model-3.0.4.jar
7f36a45d1000-7f36a45d3000 r--s 0000a000 08:01 13768586                   /home/dell/.gradle/wrapper/dists/gradle-5.4.1-all/3221gyojl5jsh0helicew7rwx/gradle-5.4.1/lib/plugins/maven-settings-3.0.4.jar
7f36a45d3000-7f36a45d5000 r--s 00002000 08:01 13768588                   /home/dell/.gradle/wrapper/dists/gradle-5.4.1-all/3221gyojl5jsh0helicew7rwx/gradle-5.4.1/lib/plugins/plexus-cipher-1.7.jar
7f36a45d5000-7f36a45d6000 r--s 00006000 08:01 13768587                   /home/dell/.gradle/wrapper/dists/gradle-5.4.1-all/3221gyojl5jsh0helicew7rwx/gradle-5.4.1/lib/plugins/plexus-sec-dispatcher-1.3.jar
7f36a45d6000-7f36a45e2000 r--s 0007d000 08:01 13768543                   /home/dell/.gradle/wrapper/dists/gradle-5.4.1-all/3221gyojl5jsh0helicew7rwx/gradle-5.4.1/lib/plugins/maven-core-3.0.4.jar
7f36a45e2000-7f36a45f7000 r--s 00116000 08:01 13768541                   /home/dell/.gradle/wrapper/dists/gradle-5.4.1-all/3221gyojl5jsh0helicew7rwx/gradle-5.4.1/lib/plugins/ivy-2.3.0.jar
7f36a45f7000-7f36a4656000 r--s 003f7000 08:01 13768571                   /home/dell/.gradle/wrapper/dists/gradle-5.4.1-all/3221gyojl5jsh0helicew7rwx/gradle-5.4.1/lib/plugins/bcprov-jdk15on-1.61.jar
7f36a4656000-7f36a4689000 r--s 001c3000 08:01 13768514                   /home/dell/.gradle/wrapper/dists/gradle-5.4.1-all/3221gyojl5jsh0helicew7rwx/gradle-5.4.1/lib/plugins/gradle-dependency-management-5.4.1.jar
7f36a4689000-7f36a46a0000 r-xp 00000000 08:01 10490406                   /lib/x86_64-linux-gnu/libgcc_s.so.1
7f36a46a0000-7f36a489f000 ---p 00017000 08:01 10490406                   /lib/x86_64-linux-gnu/libgcc_s.so.1
7f36a489f000-7f36a48a0000 r--p 00016000 08:01 10490406                   /lib/x86_64-linux-gnu/libgcc_s.so.1
7f36a48a0000-7f36a48a1000 rw-p 00017000 08:01 10490406                   /lib/x86_64-linux-gnu/libgcc_s.so.1
7f36a48a1000-7f36a4a1a000 r-xp 00000000 08:01 8651051                    /usr/lib/x86_64-linux-gnu/libstdc++.so.6.0.25
7f36a4a1a000-7f36a4c1a000 ---p 00179000 08:01 8651051                    /usr/lib/x86_64-linux-gnu/libstdc++.so.6.0.25
7f36a4c1a000-7f36a4c24000 r--p 00179000 08:01 8651051                    /usr/lib/x86_64-linux-gnu/libstdc++.so.6.0.25
7f36a4c24000-7f36a4c26000 rw-p 00183000 08:01 8651051                    /usr/lib/x86_64-linux-gnu/libstdc++.so.6.0.25
7f36a4c26000-7f36a4c2a000 rw-p 00000000 00:00 0 
7f36a4c2a000-7f36a4c2c000 r--s 00000000 08:01 13768590                   /home/dell/.gradle/wrapper/dists/gradle-5.4.1-all/3221gyojl5jsh0helicew7rwx/gradle-5.4.1/lib/plugins/plexus-component-annotations-1.5.5.jar
7f36a4c2c000-7f36a4c2e000 r--s 0000d000 08:01 13768591                   /home/dell/.gradle/wrapper/dists/gradle-5.4.1-all/3221gyojl5jsh0helicew7rwx/gradle-5.4.1/lib/plugins/plexus-interpolation-1.14.jar
7f36a4c2e000-7f36a4c32000 r--s 0003c000 08:01 13768593                   /home/dell/.gradle/wrapper/dists/gradle-5.4.1-all/3221gyojl5jsh0helicew7rwx/gradle-5.4.1/lib/plugins/plexus-utils-3.1.0.jar
7f36a4c32000-7f36a4c35000 r--s 00008000 08:01 13768585                   /home/dell/.gradle/wrapper/dists/gradle-5.4.1-all/3221gyojl5jsh0helicew7rwx/gradle-5.4.1/lib/plugins/maven-settings-builder-3.0.4.jar
7f36a4c35000-7f36a4c3a000 r--s 00036000 08:01 13768551                   /home/dell/.gradle/wrapper/dists/gradle-5.4.1-all/3221gyojl5jsh0helicew7rwx/gradle-5.4.1/lib/plugins/gson-2.8.5.jar
7f36a4c3a000-7f36a4c3b000 r--s 00013000 08:01 13768539                   /home/dell/.gradle/wrapper/dists/gradle-5.4.1-all/3221gyojl5jsh0helicew7rwx/gradle-5.4.1/lib/plugins/asm-util-7.0.jar
7f36a4c3b000-7f36a4c3e000 r--s 0000e000 08:01 13768525                   /home/dell/.gradle/wrapper/dists/gradle-5.4.1-all/3221gyojl5jsh0helicew7rwx/gradle-5.4.1/lib/plugins/gradle-workers-5.4.1.jar
7f36a4c3e000-7f36a4c44000 r-xp 00000000 08:01 13769601                   /home/dell/.gradle/native/29/linux-amd64/libnative-platform.so
7f36a4c44000-7f36a4e43000 ---p 00006000 08:01 13769601                   /home/dell/.gradle/native/29/linux-amd64/libnative-platform.so
7f36a4e43000-7f36a4e44000 rw-p 00005000 08:01 13769601                   /home/dell/.gradle/native/29/linux-amd64/libnative-platform.so
7f36a4e44000-7f36a4e54000 r-xp 00000000 08:01 12977684                   /home/dell/Kiran/android-studio-ide-191.6010548-linux/android-studio/jre/jre/lib/amd64/libnio.so
7f36a4e54000-7f36a4e55000 rw-p 00010000 08:01 12977684                   /home/dell/Kiran/android-studio-ide-191.6010548-linux/android-studio/jre/jre/lib/amd64/libnio.so
7f36a4e55000-7f36a4e6b000 r-xp 00000000 08:01 12977663                   /home/dell/Kiran/android-studio-ide-191.6010548-linux/android-studio/jre/jre/lib/amd64/libnet.so
7f36a4e6b000-7f36a4e6c000 rw-p 00016000 08:01 12977663                   /home/dell/Kiran/android-studio-ide-191.6010548-linux/android-studio/jre/jre/lib/amd64/libnet.so
7f36a4e6c000-7f36a4e6e000 r--s 00006000 08:01 13768400                   /home/dell/.gradle/wrapper/dists/gradle-5.4.1-all/3221gyojl5jsh0helicew7rwx/gradle-5.4.1/lib/gradle-wrapper-5.4.1.jar
7f36a4e6e000-7f36a4e7d000 r--s 0004c000 08:01 13768399                   /home/dell/.gradle/wrapper/dists/gradle-5.4.1-all/3221gyojl5jsh0helicew7rwx/gradle-5.4.1/lib/gradle-tooling-api-5.4.1.jar
7f36a4e7d000-7f36a4e88000 r--s 00081000 08:01 13768458                   /home/dell/.gradle/wrapper/dists/gradle-5.4.1-all/3221gyojl5jsh0helicew7rwx/gradle-5.4.1/lib/trove4j-1.0.20181211.jar
7f36a4e88000-7f36a4e8a000 r--s 00009000 08:01 13768457                   /home/dell/.gradle/wrapper/dists/gradle-5.4.1-all/3221gyojl5jsh0helicew7rwx/gradle-5.4.1/lib/kotlin-script-runtime-1.3.21.jar
7f36a4e8a000-7f36a4ec1000 r--s 00255000 08:01 13768451                   /home/dell/.gradle/wrapper/dists/gradle-5.4.1-all/3221gyojl5jsh0helicew7rwx/gradle-5.4.1/lib/kotlin-reflect-1.3.21.jar
7f36a4ec1000-7f36a50a0000 r--s 01b1b000 08:01 13768424                   /home/dell/.gradle/wrapper/dists/gradle-5.4.1-all/3221gyojl5jsh0helicew7rwx/gradle-5.4.1/lib/kotlin-compiler-embeddable-1.3.21-patched-for-gradle-5.4.1.jar
7f36a50a0000-7f36a50a1000 r--s 00001000 08:01 13768435                   /home/dell/.gradle/wrapper/dists/gradle-5.4.1-all/3221gyojl5jsh0helicew7rwx/gradle-5.4.1/lib/gradle-kotlin-dsl-tooling-models-5.4.1.jar
7f36a50a1000-7f36a50af000 r--s 00236000 08:01 13768438                   /home/dell/.gradle/wrapper/dists/gradle-5.4.1-all/3221gyojl5jsh0helicew7rwx/gradle-5.4.1/lib/kotlinx-metadata-jvm-0.0.5.jar
7f36a50af000-7f36a50b0000 r--s 00002000 08:01 13768437                   /home/dell/.gradle/wrapper/dists/gradle-5.4.1-all/3221gyojl5jsh0helicew7rwx/gradle-5.4.1/lib/kotlin-sam-with-receiver-compiler-plugin-1.3.21.jar
7f36a50b0000-7f36a50b1000 r--s 00000000 08:01 13768452                   /home/dell/.gradle/wrapper/dists/gradle-5.4.1-all/3221gyojl5jsh0helicew7rwx/gradle-5.4.1/lib/kotlin-stdlib-jdk7-1.3.21.jar
7f36a50b1000-7f36a50b3000 r--s 00003000 08:01 13768454                   /home/dell/.gradle/wrapper/dists/gradle-5.4.1-all/3221gyojl5jsh0helicew7rwx/gradle-5.4.1/lib/annotations-13.0.jar
7f36a50b3000-7f36a50ba000 r--s 0001f000 08:01 13768474                   /home/dell/.gradle/wrapper/dists/gradle-5.4.1-all/3221gyojl5jsh0helicew7rwx/gradle-5.4.1/lib/kotlin-stdlib-common-1.3.21.jar
7f36a50ba000-7f36a50cd000 r--s 0010f000 08:01 13768453                   /home/dell/.gradle/wrapper/dists/gradle-5.4.1-all/3221gyojl5jsh0helicew7rwx/gradle-5.4.1/lib/kotlin-stdlib-1.3.21.jar
7f36a50cd000-7f36a50cf000 r--s 00002000 08:01 13768436                   /home/dell/.gradle/wrapper/dists/gradle-5.4.1-all/3221gyojl5jsh0helicew7rwx/gradle-5.4.1/lib/kotlin-stdlib-jdk8-1.3.21.jar
7f36a50cf000-7f36a50ea000 r--s 0015d000 08:01 13768402                   /home/dell/.gradle/wrapper/dists/gradle-5.4.1-all/3221gyojl5jsh0helicew7rwx/gradle-5.4.1/lib/gradle-kotlin-dsl-5.4.1.jar
7f36a50ea000-7f36a50ee000 r--s 00013000 08:01 13768407                   /home/dell/.gradle/wrapper/dists/gradle-5.4.1-all/3221gyojl5jsh0helicew7rwx/gradle-5.4.1/lib/gradle-build-cache-5.4.1.jar
7f36a50ee000-7f36a50f0000 r--s 00006000 08:01 13768406                   /home/dell/.gradle/wrapper/dists/gradle-5.4.1-all/3221gyojl5jsh0helicew7rwx/gradle-5.4.1/lib/gradle-build-cache-packaging-5.4.1.jar
7f36a50f0000-7f36a50f5000 r--s 0001f000 08:01 13768405                   /home/dell/.gradle/wrapper/dists/gradle-5.4.1-all/3221gyojl5jsh0helicew7rwx/gradle-5.4.1/lib/gradle-execution-5.4.1.jar
7f36a50f5000-7f36a50f9000 r--s 0001a000 08:01 13768409                   /home/dell/.gradle/wrapper/dists/gradle-5.4.1-all/3221gyojl5jsh0helicew7rwx/gradle-5.4.1/lib/gradle-files-5.4.1.jar
7f36a50f9000-7f36a50fe000 r--s 00026000 08:01 13768408                   /home/dell/.gradle/wrapper/dists/gradle-5.4.1-all/3221gyojl5jsh0helicew7rwx/gradle-5.4.1/lib/gradle-snapshots-5.4.1.jar
7f36a50fe000-7f36a5103000 r--s 00015000 08:01 13768416                   /home/dell/.gradle/wrapper/dists/gradle-5.4.1-all/3221gyojl5jsh0helicew7rwx/gradle-5.4.1/lib/gradle-resources-5.4.1.jar
7f36a5103000-7f36a510a000 r--s 00036000 08:01 13768413                   /home/dell/.gradle/wrapper/dists/gradle-5.4.1-all/3221gyojl5jsh0helicew7rwx/gradle-5.4.1/lib/gradle-persistent-cache-5.4.1.jar
7f36a510a000-7f36a510b000 r--s 00003000 08:01 13768421                   /home/dell/.gradle/wrapper/dists/gradle-5.4.1-all/3221gyojl5jsh0helicew7rwx/gradle-5.4.1/lib/gradle-build-option-5.4.1.jar
7f36a510b000-7f36a510d000 r--s 00005000 08:01 13768422                   /home/dell/.gradle/wrapper/dists/gradle-5.4.1-all/3221gyojl5jsh0helicew7rwx/gradle-5.4.1/lib/gradle-cli-5.4.1.jar
7f36a510d000-7f36a510f000 r--s 00004000 08:01 13768433                   /home/dell/.gradle/wrapper/dists/gradle-5.4.1-all/3221gyojl5jsh0helicew7rwx/gradle-5.4.1/lib/log4j-over-slf4j-1.7.25.jar
7f36a510f000-7f36a5111000 r--s 00000000 08:01 13768432                   /home/dell/.gradle/wrapper/dists/gradle-5.4.1-all/3221gyojl5jsh0helicew7rwx/gradle-5.4.1/lib/jul-to-slf4j-1.7.25.jar
7f36a5111000-7f36a5113000 r--s 00003000 08:01 13768431                   /home/dell/.gradle/wrapper/dists/gradle-5.4.1-all/3221gyojl5jsh0helicew7rwx/gradle-5.4.1/lib/jcl-over-slf4j-1.7.25.jar
7f36a5113000-7f36a511b000 r--s 00038000 08:01 13768414                   /home/dell/.gradle/wrapper/dists/gradle-5.4.1-all/3221gyojl5jsh0helicew7rwx/gradle-5.4.1/lib/gradle-logging-5.4.1.jar
7f36a511b000-7f36a5130000 r--s 000c1000 08:01 13768411                   /home/dell/.gradle/wrapper/dists/gradle-5.4.1-all/3221gyojl5jsh0helicew7rwx/gradle-5.4.1/lib/gradle-model-core-5.4.1.jar
7f36a5130000-7f36a5132000 r--s 00006000 08:01 13768418                   /home/dell/.gradle/wrapper/dists/gradle-5.4.1-all/3221gyojl5jsh0helicew7rwx/gradle-5.4.1/lib/gradle-base-services-groovy-5.4.1.jar
7f36a5132000-7f36a5134000 r--s 00007000 08:01 13768410                   /home/dell/.gradle/wrapper/dists/gradle-5.4.1-all/3221gyojl5jsh0helicew7rwx/gradle-5.4.1/lib/gradle-model-groovy-5.4.1.jar
7f36a5134000-7f36a5135000 r--s 00007000 08:01 13768423                   /home/dell/.gradle/wrapper/dists/gradle-5.4.1-all/3221gyojl5jsh0helicew7rwx/gradle-5.4.1/lib/gradle-docs-5.4.1.jar
7f36a5135000-7f36a513e000 r--s 0002d000 08:01 13768447                   /home/dell/.gradle/wrapper/dists/gradle-5.4.1-all/3221gyojl5jsh0helicew7rwx/gradle-5.4.1/lib/xml-apis-1.4.01.jar
7f36a513e000-7f36a513f000 r--s 00000000 08:01 13768444                   /home/dell/.gradle/wrapper/dists/gradle-5.4.1-all/3221gyojl5jsh0helicew7rwx/gradle-5.4.1/lib/javax.inject-1.jar
7f36a513f000-7f36a51c4000 r--s 007a7000 08:01 13768442                   /home/dell/.gradle/wrapper/dists/gradle-5.4.1-all/3221gyojl5jsh0helicew7rwx/gradle-5.4.1/lib/groovy-all-1.0-2.5.4.jar
7f36a51c4000-7f36a51cf000 r--s 00086000 08:01 13768446                   /home/dell/.gradle/wrapper/dists/gradle-5.4.1-all/3221gyojl5jsh0helicew7rwx/gradle-5.4.1/lib/commons-compress-1.18.jar
7f36a51cf000-7f36a51d1000 r--s 00007000 08:01 13768426                   /home/dell/.gradle/wrapper/dists/gradle-5.4.1-all/3221gyojl5jsh0helicew7rwx/gradle-5.4.1/lib/asm-analysis-7.0.jar
7f36a51d1000-7f36a51d3000 r--s 0000b000 08:01 13768427                   /home/dell/.gradle/wrapper/dists/gradle-5.4.1-all/3221gyojl5jsh0helicew7rwx/gradle-5.4.1/lib/asm-tree-7.0.jar
7f36a51d3000-7f36a51d5000 r--s 00012000 08:01 13768425                   /home/dell/.gradle/wrapper/dists/gradle-5.4.1-all/3221gyojl5jsh0helicew7rwx/gradle-5.4.1/lib/asm-commons-7.0.jar
7f36a51d5000-7f36a51d6000 r--s 00004000 08:01 13768459                   /home/dell/.gradle/wrapper/dists/gradle-5.4.1-all/3221gyojl5jsh0helicew7rwx/gradle-5.4.1/lib/native-platform-freebsd-amd64-libcpp-0.17.jar
7f36a51d6000-7f36a51d7000 r--s 00004000 08:01 13768460                   /home/dell/.gradle/wrapper/dists/gradle-5.4.1-all/3221gyojl5jsh0helicew7rwx/gradle-5.4.1/lib/native-platform-freebsd-amd64-libstdcpp-0.17.jar
7f36a51d7000-7f36a51d8000 r--s 00004000 08:01 13768461                   /home/dell/.gradle/wrapper/dists/gradle-5.4.1-all/3221gyojl5jsh0helicew7rwx/gradle-5.4.1/lib/native-platform-freebsd-i386-libcpp-0.17.jar
7f36a51d8000-7f36a51d9000 r--s 00004000 08:01 13768462                   /home/dell/.gradle/wrapper/dists/gradle-5.4.1-all/3221gyojl5jsh0helicew7rwx/gradle-5.4.1/lib/native-platform-freebsd-i386-libstdcpp-0.17.jar
7f36a51d9000-7f36a51da000 r--s 00002000 08:01 13768463                   /home/dell/.gradle/wrapper/dists/gradle-5.4.1-all/3221gyojl5jsh0helicew7rwx/gradle-5.4.1/lib/native-platform-linux-amd64-0.17.jar
7f36a51da000-7f36a51db000 r--s 00002000 08:01 13768464                   /home/dell/.gradle/wrapper/dists/gradle-5.4.1-all/3221gyojl5jsh0helicew7rwx/gradle-5.4.1/lib/native-platform-linux-i386-0.17.jar
7f36a51db000-7f36a51dc000 r--s 00003000 08:01 13768465                   /home/dell/.gradle/wrapper/dists/gradle-5.4.1-all/3221gyojl5jsh0helicew7rwx/gradle-5.4.1/lib/native-platform-osx-amd64-0.17.jar
7f36a51dc000-7f36a51dd000 r--s 00010000 08:01 13768466                   /home/dell/.gradle/wrapper/dists/gradle-5.4.1-all/3221gyojl5jsh0helicew7rwx/gradle-5.4.1/lib/native-platform-windows-amd64-0.17.jar
7f36a51dd000-7f36a51de000 r--s 00010000 08:01 13768467                   /home/dell/.gradle/wrapper/dists/gradle-5.4.1-all/3221gyojl5jsh0helicew7rwx/gradle-5.4.1/lib/native-platform-windows-amd64-min-0.17.jar
7f36a51de000-7f36a51df000 r--s 0000e000 08:01 13768468                   /home/dell/.gradle/wrapper/dists/gradle-5.4.1-all/3221gyojl5jsh0helicew7rwx/gradle-5.4.1/lib/native-platform-windows-i386-0.17.jar
7f36a51df000-7f36a51e0000 r--s 0000e000 08:01 13768469                   /home/dell/.gradle/wrapper/dists/gradle-5.4.1-all/3221gyojl5jsh0helicew7rwx/gradle-5.4.1/lib/native-platform-windows-i386-min-0.17.jar
7f36a51e0000-7f36a51e2000 r--s 00001000 08:01 13768470                   /home/dell/.gradle/wrapper/dists/gradle-5.4.1-all/3221gyojl5jsh0helicew7rwx/gradle-5.4.1/lib/native-platform-linux-amd64-ncurses5-0.17.jar
7f36a51e2000-7f36a51e3000 r--s 00001000 08:01 13768471                   /home/dell/.gradle/wrapper/dists/gradle-5.4.1-all/3221gyojl5jsh0helicew7rwx/gradle-5.4.1/lib/native-platform-linux-amd64-ncurses6-0.17.jar
7f36a51e3000-7f36a51e8000 r--s 0001a000 08:01 13768445                   /home/dell/.gradle/wrapper/dists/gradle-5.4.1-all/3221gyojl5jsh0helicew7rwx/gradle-5.4.1/lib/native-platform-0.17.jar
7f36a51e8000-7f36a51ec000 r--s 00042000 08:01 13768448                   /home/dell/.gradle/wrapper/dists/gradle-5.4.1-all/3221gyojl5jsh0helicew7rwx/gradle-5.4.1/lib/jansi-1.17.1.jar
7f36a51ec000-7f36a51f0000 r--s 0000c000 08:01 13768417                   /home/dell/.gradle/wrapper/dists/gradle-5.4.1-all/3221gyojl5jsh0helicew7rwx/gradle-5.4.1/lib/gradle-native-5.4.1.jar
7f36a51f0000-7f36a51f6000 r--s 0004d000 08:01 13768449                   /home/dell/.gradle/wrapper/dists/gradle-5.4.1-all/3221gyojl5jsh0helicew7rwx/gradle-5.4.1/lib/kryo-2.24.0.jar
7f36a51f6000-7f36a51fd000 r--s 00030000 08:01 13768419                   /home/dell/.gradle/wrapper/dists/gradle-5.4.1-all/3221gyojl5jsh0helicew7rwx/gradle-5.4.1/lib/gradle-messaging-5.4.1.jar
7f36a51fd000-7f36a522d000 r--s 0024b000 08:01 13768439                   /home/dell/.gradle/wrapper/dists/gradle-5.4.1-all/3221gyojl5jsh0helicew7rwx/gradle-5.4.1/lib/guava-26.0-android.jar
7f36a522d000-7f36a522e000 ---p 00000000 00:00 0 
7f36a522e000-7f36a532e000 rw-p 00000000 00:00 0 
7f36a532e000-7f36a5331000 ---p 00000000 00:00 0 
7f36a5331000-7f36a542f000 rw-p 00000000 00:00 0 
7f36a542f000-7f36a5430000 ---p 00000000 00:00 0 
7f36a5430000-7f36a5433000 ---p 00000000 00:00 0 
7f36a5433000-7f36a5530000 rw-p 00000000 00:00 0 
7f36a5530000-7f36a5531000 ---p 00000000 00:00 0 
7f36a5531000-7f36a5534000 ---p 00000000 00:00 0 
7f36a5534000-7f36a5631000 rw-p 00000000 00:00 0 
7f36a5631000-7f36a6000000 r--p 00000000 08:01 8657527                    /usr/lib/locale/locale-archive
7f36a6000000-7f36a9000000 rw-p 00000000 00:00 0 
7f36a9000000-7f36a9920000 rwxp 00000000 00:00 0 
7f36a9920000-7f36b8000000 ---p 00000000 00:00 0 
7f36b8000000-7f36b90fb000 rw-p 00000000 00:00 0 
7f36b90fb000-7f36bc000000 ---p 00000000 00:00 0 
7f36bc000000-7f36bc001000 r--s 00001000 08:01 13768472                   /home/dell/.gradle/wrapper/dists/gradle-5.4.1-all/3221gyojl5jsh0helicew7rwx/gradle-5.4.1/lib/native-platform-linux-i386-ncurses5-0.17.jar
7f36bc001000-7f36bc003000 r--s 0000c000 08:01 13768450                   /home/dell/.gradle/wrapper/dists/gradle-5.4.1-all/3221gyojl5jsh0helicew7rwx/gradle-5.4.1/lib/objenesis-2.6.jar
7f36bc003000-7f36bc005000 r--s 00000000 08:01 13768456                   /home/dell/.gradle/wrapper/dists/gradle-5.4.1-all/3221gyojl5jsh0helicew7rwx/gradle-5.4.1/lib/minlog-1.2.jar
7f36bc005000-7f36bc007000 r--s 00006000 08:01 13768415                   /home/dell/.gradle/wrapper/dists/gradle-5.4.1-all/3221gyojl5jsh0helicew7rwx/gradle-5.4.1/lib/gradle-process-services-5.4.1.jar
7f36bc007000-7f36bc009000 r--s 00000000 08:01 13768404                   /home/dell/.gradle/wrapper/dists/gradle-5.4.1-all/3221gyojl5jsh0helicew7rwx/gradle-5.4.1/lib/gradle-jvm-services-5.4.1.jar
7f36bc009000-7f36bc00b000 r--s 00003000 08:01 13768440                   /home/dell/.gradle/wrapper/dists/gradle-5.4.1-all/3221gyojl5jsh0helicew7rwx/gradle-5.4.1/lib/jsr305-3.0.2.jar
7f36bc00b000-7f36bc00e000 r--s 0001c000 08:01 13768441                   /home/dell/.gradle/wrapper/dists/gradle-5.4.1-all/3221gyojl5jsh0helicew7rwx/gradle-5.4.1/lib/fastutil-8.2.1-min.jar
7f36bc00e000-7f36bc02d000 r--s 001da000 08:01 13768443                   /home/dell/.gradle/wrapper/dists/gradle-5.4.1-all/3221gyojl5jsh0helicew7rwx/gradle-5.4.1/lib/ant-1.9.13.jar
7f36bc02d000-7f36bc069000 r--s 00203000 08:01 13768403                   /home/dell/.gradle/wrapper/dists/gradle-5.4.1-all/3221gyojl5jsh0helicew7rwx/gradle-5.4.1/lib/gradle-core-5.4.1.jar
7f36bc069000-7f36bc078000 r--s 00043000 08:01 13768412                   /home/dell/.gradle/wrapper/dists/gradle-5.4.1-all/3221gyojl5jsh0helicew7rwx/gradle-5.4.1/lib/gradle-core-api-5.4.1.jar
7f36bc078000-7f36bc085000 r--s 00067000 08:01 13768420                   /home/dell/.gradle/wrapper/dists/gradle-5.4.1-all/3221gyojl5jsh0helicew7rwx/gradle-5.4.1/lib/gradle-base-services-5.4.1.jar
7f36bc085000-7f36bc086000 ---p 00000000 00:00 0 
7f36bc086000-7f36bc089000 ---p 00000000 00:00 0 
7f36bc089000-7f36bc186000 rw-p 00000000 00:00 0 
7f36bc186000-7f36bc189000 ---p 00000000 00:00 0 
7f36bc189000-7f36bc287000 rw-p 00000000 00:00 0 
7f36bc287000-7f36bc28a000 ---p 00000000 00:00 0 
7f36bc28a000-7f36bc388000 rw-p 00000000 00:00 0 
7f36bc388000-7f36bc38b000 ---p 00000000 00:00 0 
7f36bc38b000-7f36bc489000 rw-p 00000000 00:00 0 
7f36bc489000-7f36bc48a000 ---p 00000000 00:00 0 
7f36bc48a000-7f36bd56b000 rw-p 00000000 00:00 0 
7f36bd56b000-7f36bd73d000 r--s 03cad000 08:01 12977700                   /home/dell/Kiran/android-studio-ide-191.6010548-linux/android-studio/jre/jre/lib/rt.jar
7f36bd73d000-7f36be30e000 rw-p 00000000 00:00 0 
7f36be30e000-7f36be30f000 ---p 00000000 00:00 0 
7f36be30f000-7f36be40f000 rw-p 00000000 00:00 0 
7f36be40f000-7f36be410000 ---p 00000000 00:00 0 
7f36be410000-7f36be510000 rw-p 00000000 00:00 0 
7f36be510000-7f36be511000 ---p 00000000 00:00 0 
7f36be511000-7f36be611000 rw-p 00000000 00:00 0 
7f36be611000-7f36be612000 ---p 00000000 00:00 0 
7f36be612000-7f36be72e000 rw-p 00000000 00:00 0 
7f36be72e000-7f36be912000 ---p 00000000 00:00 0 
7f36be912000-7f36be92e000 rw-p 00000000 00:00 0 
7f36be92e000-7f36beb12000 ---p 00000000 00:00 0 
7f36beb12000-7f36beb55000 rw-p 00000000 00:00 0 
7f36beb55000-7f36bec12000 ---p 00000000 00:00 0 
7f36bec12000-7f36bec38000 rw-p 00000000 00:00 0 
7f36bec38000-7f36befd3000 ---p 00000000 00:00 0 
7f36befd3000-7f36befde000 r-xp 00000000 08:01 10490566                   /lib/x86_64-linux-gnu/libnss_files-2.27.so
7f36befde000-7f36bf1dd000 ---p 0000b000 08:01 10490566                   /lib/x86_64-linux-gnu/libnss_files-2.27.so
7f36bf1dd000-7f36bf1de000 r--p 0000a000 08:01 10490566                   /lib/x86_64-linux-gnu/libnss_files-2.27.so
7f36bf1de000-7f36bf1df000 rw-p 0000b000 08:01 10490566                   /lib/x86_64-linux-gnu/libnss_files-2.27.so
7f36bf1df000-7f36bf1e5000 rw-p 00000000 00:00 0 
7f36bf1e5000-7f36bf1fc000 r-xp 00000000 08:01 10490560                   /lib/x86_64-linux-gnu/libnsl-2.27.so
7f36bf1fc000-7f36bf3fb000 ---p 00017000 08:01 10490560                   /lib/x86_64-linux-gnu/libnsl-2.27.so
7f36bf3fb000-7f36bf3fc000 r--p 00016000 08:01 10490560                   /lib/x86_64-linux-gnu/libnsl-2.27.so
7f36bf3fc000-7f36bf3fd000 rw-p 00017000 08:01 10490560                   /lib/x86_64-linux-gnu/libnsl-2.27.so
7f36bf3fd000-7f36bf3ff000 rw-p 00000000 00:00 0 
7f36bf3ff000-7f36bf40a000 r-xp 00000000 08:01 10490577                   /lib/x86_64-linux-gnu/libnss_nis-2.27.so
7f36bf40a000-7f36bf609000 ---p 0000b000 08:01 10490577                   /lib/x86_64-linux-gnu/libnss_nis-2.27.so
7f36bf609000-7f36bf60a000 r--p 0000a000 08:01 10490577                   /lib/x86_64-linux-gnu/libnss_nis-2.27.so
7f36bf60a000-7f36bf60b000 rw-p 0000b000 08:01 10490577                   /lib/x86_64-linux-gnu/libnss_nis-2.27.so
7f36bf60b000-7f36bf613000 r-xp 00000000 08:01 10490562                   /lib/x86_64-linux-gnu/libnss_compat-2.27.so
7f36bf613000-7f36bf813000 ---p 00008000 08:01 10490562                   /lib/x86_64-linux-gnu/libnss_compat-2.27.so
7f36bf813000-7f36bf814000 r--p 00008000 08:01 10490562                   /lib/x86_64-linux-gnu/libnss_compat-2.27.so
7f36bf814000-7f36bf815000 rw-p 00009000 08:01 10490562                   /lib/x86_64-linux-gnu/libnss_compat-2.27.so
7f36bf815000-7f36bf81c000 r-xp 00000000 08:01 10490617                   /lib/x86_64-linux-gnu/librt-2.27.so
7f36bf81c000-7f36bfa1b000 ---p 00007000 08:01 10490617                   /lib/x86_64-linux-gnu/librt-2.27.so
7f36bfa1b000-7f36bfa1c000 r--p 00006000 08:01 10490617                   /lib/x86_64-linux-gnu/librt-2.27.so
7f36bfa1c000-7f36bfa1d000 rw-p 00007000 08:01 10490617                   /lib/x86_64-linux-gnu/librt-2.27.so
7f36bfa1d000-7f36bfbba000 r-xp 00000000 08:01 10490539                   /lib/x86_64-linux-gnu/libm-2.27.so
7f36bfbba000-7f36bfdb9000 ---p 0019d000 08:01 10490539                   /lib/x86_64-linux-gnu/libm-2.27.so
7f36bfdb9000-7f36bfdba000 r--p 0019c000 08:01 10490539                   /lib/x86_64-linux-gnu/libm-2.27.so
7f36bfdba000-7f36bfdbb000 rw-p 0019d000 08:01 10490539                   /lib/x86_64-linux-gnu/libm-2.27.so
7f36bfdbb000-7f36c09e1000 r-xp 00000000 08:01 12977677                   /home/dell/Kiran/android-studio-ide-191.6010548-linux/android-studio/jre/jre/lib/amd64/server/libjvm.so
7f36c09e1000-7f36c0ab1000 rw-p 00c26000 08:01 12977677                   /home/dell/Kiran/android-studio-ide-191.6010548-linux/android-studio/jre/jre/lib/amd64/server/libjvm.so
7f36c0ab1000-7f36c0af5000 rw-p 00000000 00:00 0 
7f36c0af5000-7f36c0cdc000 r-xp 00000000 08:01 10490476                   /lib/x86_64-linux-gnu/libc-2.27.so
7f36c0cdc000-7f36c0edc000 ---p 001e7000 08:01 10490476                   /lib/x86_64-linux-gnu/libc-2.27.so
7f36c0edc000-7f36c0ee0000 r--p 001e7000 08:01 10490476                   /lib/x86_64-linux-gnu/libc-2.27.so
7f36c0ee0000-7f36c0ee2000 rw-p 001eb000 08:01 10490476                   /lib/x86_64-linux-gnu/libc-2.27.so
7f36c0ee2000-7f36c0ee6000 rw-p 00000000 00:00 0 
7f36c0ee6000-7f36c0ee9000 r-xp 00000000 08:01 10490499                   /lib/x86_64-linux-gnu/libdl-2.27.so
7f36c0ee9000-7f36c10e8000 ---p 00003000 08:01 10490499                   /lib/x86_64-linux-gnu/libdl-2.27.so
7f36c10e8000-7f36c10e9000 r--p 00002000 08:01 10490499                   /lib/x86_64-linux-gnu/libdl-2.27.so
7f36c10e9000-7f36c10ea000 rw-p 00003000 08:01 10490499                   /lib/x86_64-linux-gnu/libdl-2.27.so
7f36c10ea000-7f36c1104000 r-xp 00000000 08:01 10490609                   /lib/x86_64-linux-gnu/libpthread-2.27.so
7f36c1104000-7f36c1303000 ---p 0001a000 08:01 10490609                   /lib/x86_64-linux-gnu/libpthread-2.27.so
7f36c1303000-7f36c1304000 r--p 00019000 08:01 10490609                   /lib/x86_64-linux-gnu/libpthread-2.27.so
7f36c1304000-7f36c1305000 rw-p 0001a000 08:01 10490609                   /lib/x86_64-linux-gnu/libpthread-2.27.so
7f36c1305000-7f36c1309000 rw-p 00000000 00:00 0 
7f36c1309000-7f36c1330000 r-xp 00000000 08:01 10490448                   /lib/x86_64-linux-gnu/ld-2.27.so
7f36c1330000-7f36c1331000 r--s 00001000 08:01 13768473                   /home/dell/.gradle/wrapper/dists/gradle-5.4.1-all/3221gyojl5jsh0helicew7rwx/gradle-5.4.1/lib/native-platform-linux-i386-ncurses6-0.17.jar
7f36c1331000-7f36c1336000 r--s 00041000 08:01 13768430                   /home/dell/.gradle/wrapper/dists/gradle-5.4.1-all/3221gyojl5jsh0helicew7rwx/gradle-5.4.1/lib/commons-lang-2.6.jar
7f36c1336000-7f36c133a000 r--s 00031000 08:01 13768429                   /home/dell/.gradle/wrapper/dists/gradle-5.4.1-all/3221gyojl5jsh0helicew7rwx/gradle-5.4.1/lib/commons-io-2.6.jar
7f36c133a000-7f36c133c000 r--s 0001a000 08:01 13768428                   /home/dell/.gradle/wrapper/dists/gradle-5.4.1-all/3221gyojl5jsh0helicew7rwx/gradle-5.4.1/lib/asm-7.0.jar
7f36c133c000-7f36c1349000 r--s 0006d000 08:01 13768397                   /home/dell/.gradle/wrapper/dists/gradle-5.4.1-all/3221gyojl5jsh0helicew7rwx/gradle-5.4.1/lib/gradle-launcher-5.4.1.jar
7f36c1349000-7f36c13b0000 rw-p 00000000 00:00 0 
7f36c13b0000-7f36c13cb000 r-xp 00000000 08:01 12977659                   /home/dell/Kiran/android-studio-ide-191.6010548-linux/android-studio/jre/jre/lib/amd64/libzip.so
7f36c13cb000-7f36c13cc000 rw-p 0001a000 08:01 12977659                   /home/dell/Kiran/android-studio-ide-191.6010548-linux/android-studio/jre/jre/lib/amd64/libzip.so
7f36c13cc000-7f36c13d4000 rw-s 00000000 08:01 6163619                    /tmp/hsperfdata_dell/30990
7f36c13d4000-7f36c13fe000 r-xp 00000000 08:01 12977667                   /home/dell/Kiran/android-studio-ide-191.6010548-linux/android-studio/jre/jre/lib/amd64/libjava.so
7f36c13fe000-7f36c1400000 rw-p 0002a000 08:01 12977667                   /home/dell/Kiran/android-studio-ide-191.6010548-linux/android-studio/jre/jre/lib/amd64/libjava.so
7f36c1400000-7f36c1401000 ---p 00000000 00:00 0 
7f36c1401000-7f36c1404000 ---p 00000000 00:00 0 
7f36c1404000-7f36c1503000 rw-p 00000000 00:00 0 
7f36c1503000-7f36c1519000 r-xp 00000000 08:01 12977558                   /home/dell/Kiran/android-studio-ide-191.6010548-linux/android-studio/jre/lib/amd64/jli/libjli.so
7f36c1519000-7f36c151a000 rw-p 00015000 08:01 12977558                   /home/dell/Kiran/android-studio-ide-191.6010548-linux/android-studio/jre/lib/amd64/jli/libjli.so
7f36c151a000-7f36c151c000 r--s 00009000 08:01 13768434                   /home/dell/.gradle/wrapper/dists/gradle-5.4.1-all/3221gyojl5jsh0helicew7rwx/gradle-5.4.1/lib/slf4j-api-1.7.25.jar
7f36c151c000-7f36c151d000 r--s 00004000 08:01 13768455                   /home/dell/.gradle/wrapper/dists/gradle-5.4.1-all/3221gyojl5jsh0helicew7rwx/gradle-5.4.1/lib/ant-launcher-1.9.13.jar
7f36c151d000-7f36c151e000 rw-p 00000000 00:00 0 
7f36c151e000-7f36c151f000 ---p 00000000 00:00 0 
7f36c151f000-7f36c152c000 r-xp 00000000 08:01 12977655                   /home/dell/Kiran/android-studio-ide-191.6010548-linux/android-studio/jre/jre/lib/amd64/libverify.so
7f36c152c000-7f36c152e000 rw-p 0000c000 08:01 12977655                   /home/dell/Kiran/android-studio-ide-191.6010548-linux/android-studio/jre/jre/lib/amd64/libverify.so
7f36c152e000-7f36c1530000 rw-p 00000000 00:00 0 
7f36c1530000-7f36c1531000 r--p 00027000 08:01 10490448                   /lib/x86_64-linux-gnu/ld-2.27.so
7f36c1531000-7f36c1532000 rw-p 00028000 08:01 10490448                   /lib/x86_64-linux-gnu/ld-2.27.so
7f36c1532000-7f36c1533000 rw-p 00000000 00:00 0 
7ffcf5feb000-7ffcf600c000 rw-p 00000000 00:00 0                          [stack]
7ffcf61b5000-7ffcf61b8000 r--p 00000000 00:00 0                          [vvar]
7ffcf61b8000-7ffcf61ba000 r-xp 00000000 00:00 0                          [vdso]
ffffffffff600000-ffffffffff601000 r-xp 00000000 00:00 0                  [vsyscall]

VM Arguments:
jvm_args: -Xmx1536m -Dfile.encoding=UTF-8 -Duser.country=IN -Duser.language=en -Duser.variant 
java_command: org.gradle.launcher.daemon.bootstrap.GradleDaemon 5.4.1
java_class_path (initial): /home/dell/.gradle/wrapper/dists/gradle-5.4.1-all/3221gyojl5jsh0helicew7rwx/gradle-5.4.1/lib/gradle-launcher-5.4.1.jar
Launcher Type: SUN_STANDARD

Environment Variables:
PATH=/usr/local/sbin:/usr/local/bin:/usr/sbin:/usr/bin:/sbin:/bin:/usr/games:/usr/local/games:/snap/bin
USERNAME=dell
SHELL=/bin/bash
DISPLAY=:0

Signal Handlers:
SIGSEGV: [libjvm.so+0xa09650], sa_mask[0]=11111111011111111101111111111110, sa_flags=SA_RESTART|SA_SIGINFO
SIGBUS: [libjvm.so+0xa09650], sa_mask[0]=11111111011111111101111111111110, sa_flags=SA_RESTART|SA_SIGINFO
SIGFPE: [libjvm.so+0x86bc60], sa_mask[0]=11111111011111111101111111111110, sa_flags=SA_RESTART|SA_SIGINFO
SIGPIPE: [libjvm.so+0x86bc60], sa_mask[0]=11111111011111111101111111111110, sa_flags=SA_RESTART|SA_SIGINFO
SIGXFSZ: [libjvm.so+0x86bc60], sa_mask[0]=11111111011111111101111111111110, sa_flags=SA_RESTART|SA_SIGINFO
SIGILL: [libjvm.so+0x86bc60], sa_mask[0]=11111111011111111101111111111110, sa_flags=SA_RESTART|SA_SIGINFO
SIGUSR1: SIG_DFL, sa_mask[0]=00000000000000000000000000000000, sa_flags=none
SIGUSR2: [libjvm.so+0x86bb30], sa_mask[0]=00100000000000000000000000000000, sa_flags=SA_RESTART|SA_SIGINFO
SIGHUP: [libjvm.so+0x86bd20], sa_mask[0]=11111111011111111101111111111110, sa_flags=SA_RESTART|SA_SIGINFO
SIGINT: [libjvm.so+0x86bd20], sa_mask[0]=11111111011111111101111111111110, sa_flags=SA_RESTART|SA_SIGINFO
SIGTERM: [libjvm.so+0x86bd20], sa_mask[0]=11111111011111111101111111111110, sa_flags=SA_RESTART|SA_SIGINFO
SIGQUIT: [libjvm.so+0x86bd20], sa_mask[0]=11111111011111111101111111111110, sa_flags=SA_RESTART|SA_SIGINFO


---------------  S Y S T E M  ---------------

OS:DISTRIB_ID=Ubuntu
DISTRIB_RELEASE=18.04
DISTRIB_CODENAME=bionic
DISTRIB_DESCRIPTION="Ubuntu 18.04.4 LTS"

uname:Linux 4.15.0-20-generic #21-Ubuntu SMP Tue Apr 24 06:16:15 UTC 2018 x86_64
libc:glibc 2.27 NPTL 2.27 
rlimit: STACK 8192k, CORE 0k, NPROC 31168, NOFILE 4096, AS infinity
load average:23.85 8.22 3.26

/proc/meminfo:
MemTotal:        8038232 kB
MemFree:          101004 kB
MemAvailable:       4652 kB
Buffers:             540 kB
Cached:           643900 kB
SwapCached:         3624 kB
Active:          6773376 kB
Inactive:         856384 kB
Active(anon):    6764344 kB
Inactive(anon):   845488 kB
Active(file):       9032 kB
Inactive(file):    10896 kB
Unevictable:          48 kB
Mlocked:              48 kB
SwapTotal:       2097148 kB
SwapFree:              0 kB
Dirty:                68 kB
Writeback:             0 kB
AnonPages:       6982260 kB
Mapped:           116672 kB
Shmem:            624152 kB
Slab:             132864 kB
SReclaimable:      57020 kB
SUnreclaim:        75844 kB
KernelStack:       18480 kB
PageTables:        89608 kB
NFS_Unstable:          0 kB
Bounce:                0 kB
WritebackTmp:          0 kB
CommitLimit:     6116264 kB
Committed_AS:   17528356 kB
VmallocTotal:   34359738367 kB
VmallocUsed:           0 kB
VmallocChunk:          0 kB
HardwareCorrupted:     0 kB
AnonHugePages:         0 kB
ShmemHugePages:        0 kB
ShmemPmdMapped:        0 kB
CmaTotal:              0 kB
CmaFree:               0 kB
HugePages_Total:       0
HugePages_Free:        0
HugePages_Rsvd:        0
HugePages_Surp:        0
Hugepagesize:       2048 kB
DirectMap4k:      320308 kB
DirectMap2M:     7938048 kB
DirectMap1G:     1048576 kB

container (cgroup) information:
container_type: cgroupv1
cpu_cpuset_cpus: 0-3
cpu_memory_nodes: 0
active_processor_count: 4
cpu_quota: -1
cpu_period: 100000
cpu_shares: -1
memory_limit_in_bytes: -1
memory_and_swap_limit_in_bytes: -2
memory_soft_limit_in_bytes: -1
memory_usage_in_bytes: 7812153344
memory_max_usage_in_bytes: 4698112


CPU:total 4 (initial active 4) (2 cores per cpu, 2 threads per core) family 6 model 61 stepping 4, cmov, cx8, fxsr, mmx, sse, sse2, sse3, ssse3, sse4.1, sse4.2, popcnt, avx, avx2, aes, clmul, erms, rtm, 3dnowpref, lzcnt, ht, tsc, tscinvbit, bmi1, bmi2, adx

/proc/cpuinfo:
processor	: 0
vendor_id	: GenuineIntel
cpu family	: 6
model		: 61
model name	: Intel(R) Core(TM) i5-5300U CPU @ 2.30GHz
stepping	: 4
microcode	: 0x23
cpu MHz		: 2095.277
cache size	: 3072 KB
physical id	: 0
siblings	: 4
core id		: 0
cpu cores	: 2
apicid		: 0
initial apicid	: 0
fpu		: yes
fpu_exception	: yes
cpuid level	: 20
wp		: yes
flags		: fpu vme de pse tsc msr pae mce cx8 apic sep mtrr pge mca cmov pat pse36 clflush dts acpi mmx fxsr sse sse2 ss ht tm pbe syscall nx pdpe1gb rdtscp lm constant_tsc arch_perfmon pebs bts rep_good nopl xtopology nonstop_tsc cpuid aperfmperf pni pclmulqdq dtes64 monitor ds_cpl vmx smx est tm2 ssse3 sdbg fma cx16 xtpr pdcm pcid sse4_1 sse4_2 x2apic movbe popcnt aes xsave avx f16c rdrand lahf_lm abm 3dnowprefetch cpuid_fault epb invpcid_single pti tpr_shadow vnmi flexpriority ept vpid fsgsbase tsc_adjust bmi1 hle avx2 smep bmi2 erms invpcid rtm rdseed adx smap intel_pt xsaveopt dtherm ida arat pln pts
bugs		: cpu_meltdown spectre_v1 spectre_v2
bogomips	: 4589.65
clflush size	: 64
cache_alignment	: 64
address sizes	: 39 bits physical, 48 bits virtual
power management:

processor	: 1
vendor_id	: GenuineIntel
cpu family	: 6
model		: 61
model name	: Intel(R) Core(TM) i5-5300U CPU @ 2.30GHz
stepping	: 4
microcode	: 0x23
cpu MHz		: 2095.275
cache size	: 3072 KB
physical id	: 0
siblings	: 4
core id		: 1
cpu cores	: 6
apicid		: 2
initial apicid	: 2
fpu		: yes
fpu_exception	: yes
cpuid level	: 20
wp		: yes
flags		: fpu vme de pse tsc msr pae mce cx8 apic sep mtrr pge mca cmov pat pse36 clflush dts acpi mmx fxsr sse sse2 ss ht tm pbe syscall nx pdpe1gb rdtscp lm constant_tsc arch_perfmon pebs bts rep_good nopl xtopology nonstop_tsc cpuid aperfmperf pni pclmulqdq dtes64 monitor ds_cpl vmx smx est tm2 ssse3 sdbg fma cx16 xtpr pdcm pcid sse4_1 sse4_2 x2apic movbe popcnt aes xsave avx f16c rdrand lahf_lm abm 3dnowprefetch cpuid_fault epb invpcid_single pti tpr_shadow vnmi flexpriority ept vpid fsgsbase tsc_adjust bmi1 hle avx2 smep bmi2 erms invpcid rtm rdseed adx smap intel_pt xsaveopt dtherm ida arat pln pts
bugs		: cpu_meltdown spectre_v1 spectre_v2
bogomips	: 4589.65
clflush size	: 64
cache_alignment	: 64
address sizes	: 39 bits physical, 48 bits virtual
power management:

processor	: 2
vendor_id	: GenuineIntel
cpu family	: 6
model		: 61
model name	: Intel(R) Core(TM) i5-5300U CPU @ 2.30GHz
stepping	: 4
microcode	: 0x23
cpu MHz		: 2095.274
cache size	: 3072 KB
physical id	: 0
siblings	: 4
core id		: 0
cpu cores	: 2
apicid		: 1
initial apicid	: 1
fpu		: yes
fpu_exception	: yes
cpuid level	: 20
wp		: yes
flags		: fpu vme de pse tsc msr pae mce cx8 apic sep mtrr pge mca cmov pat pse36 clflush dts acpi mmx fxsr sse sse2 ss ht tm pbe syscall nx pdpe1gb rdtscp lm constant_tsc arch_perfmon pebs bts rep_good nopl xtopology nonstop_tsc cpuid aperfmperf pni pclmulqdq dtes64 monitor ds_cpl vmx smx est tm2 ssse3 sdbg fma cx16 xtpr pdcm pcid sse4_1 sse4_2 x2apic movbe popcnt aes xsave avx f16c rdrand lahf_lm abm 3dnowprefetch cpuid_fault epb invpcid_single pti tpr_shadow vnmi flexpriority ept vpid fsgsbase tsc_adjust bmi1 hle avx2 smep bmi2 erms invpcid rtm rdseed adx smap intel_pt xsaveopt dtherm ida arat pln pts
bugs		: cpu_meltdown spectre_v1 spectre_v2
bogomips	: 4589.65
clflush size	: 64
cache_alignment	: 64
address sizes	: 39 bits physical, 48 bits virtual
power management:

processor	: 3
vendor_id	: GenuineIntel
cpu family	: 6
model		: 61
model name	: Intel(R) Core(TM) i5-5300U CPU @ 2.30GHz
stepping	: 4
microcode	: 0x23
cpu MHz		: 2095.274
cache size	: 3072 KB
physical id	: 0
siblings	: 4
core id		: 1
cpu cores	: 2
apicid		: 3
initial apicid	: 3
fpu		: yes
fpu_exception	: yes
cpuid level	: 20
wp		: yes
flags		: fpu vme de pse tsc msr pae mce cx8 apic sep mtrr pge mca cmov pat pse36 clflush dts acpi mmx fxsr sse sse2 ss ht tm pbe syscall nx pdpe1gb rdtscp lm constant_tsc arch_perfmon pebs bts rep_good nopl xtopology nonstop_tsc cpuid aperfmperf pni pclmulqdq dtes64 monitor ds_cpl vmx smx est tm2 ssse3 sdbg fma cx16 xtpr pdcm pcid sse4_1 sse4_2 x2apic movbe popcnt aes xsave avx f16c rdrand lahf_lm abm 3dnowprefetch cpuid_fault epb invpcid_single pti tpr_shadow vnmi flexpriority ept vpid fsgsbase tsc_adjust bmi1 hle avx2 smep bmi2 erms invpcid rtm rdseed adx smap intel_pt xsaveopt dtherm ida arat pln pts
bugs		: cpu_meltdown spectre_v1 spectre_v2
bogomips	: 4589.65
clflush size	: 64
cache_alignment	: 64
address sizes	: 39 bits physical, 48 bits virtual
power management:



Memory: 4k page, physical 8038232k(103224k free), swap 2097148k(0k free)

vm_info: OpenJDK 64-Bit Server VM (25.202-b49-5587405) for linux-amd64 JRE (1.8.0_202-release-1483-b49-5587405), built by "android-build" with gcc 4.8

time: Mon Sep 21 17:45:43 2020
timezone: IST
elapsed time: 41 seconds (0d 0h 0m 41s)

